[ 2016-09-24T18:45:35+08:00 ] 127.0.0.1 127.0.0.1 GET /
[ log ] www.web.com/ [运行时间：0.037918s][吞吐率：26.37req/s] [内存消耗：1,273.07kb] [文件加载：38]
[ info ] [ ROUTE ] array (
  'type' => 'module',
  'module' => 
  array (
    0 => '',
    1 => NULL,
    2 => NULL,
  ),
)
[ info ] [ HEADER ] array (
  'host' => 'www.web.com',
  'connection' => 'keep-alive',
  'cache-control' => 'max-age=0',
  'upgrade-insecure-requests' => '1',
  'user-agent' => 'Mozilla/5.0 (Windows NT 10.0; WOW64) AppleWebKit/537.36 (KHTML, like Gecko) Chrome/53.0.2785.116 Safari/537.36',
  'accept' => 'text/html,application/xhtml+xml,application/xml;q=0.9,image/webp,*/*;q=0.8',
  'accept-encoding' => 'gzip, deflate, sdch',
  'accept-language' => 'zh-CN,zh;q=0.8',
  'cookie' => 'pgv_pvi=7131442176; pgv_si=s8194427904; think_var=zh-cn; thinkphp_show_page_trace=0|1',
)
[ info ] [ PARAM ] array (
)
[ info ] [ RUN ] Method [ <user> public method index ] {
  @@ D:\WWW\web\application\index\controller\Index.php 6 - 9
}

[ info ] [ LOG ] INIT File

---------------------------------------------------------------
[ 2016-09-24T18:45:39+08:00 ] 127.0.0.1 127.0.0.1 GET /
[ log ] www.web.com/ [运行时间：0.038766s][吞吐率：25.80req/s] [内存消耗：1,273.07kb] [文件加载：38]
[ info ] [ ROUTE ] array (
  'type' => 'module',
  'module' => 
  array (
    0 => '',
    1 => NULL,
    2 => NULL,
  ),
)
[ info ] [ HEADER ] array (
  'host' => 'www.web.com',
  'connection' => 'keep-alive',
  'cache-control' => 'max-age=0',
  'upgrade-insecure-requests' => '1',
  'user-agent' => 'Mozilla/5.0 (Windows NT 10.0; WOW64) AppleWebKit/537.36 (KHTML, like Gecko) Chrome/53.0.2785.116 Safari/537.36',
  'accept' => 'text/html,application/xhtml+xml,application/xml;q=0.9,image/webp,*/*;q=0.8',
  'accept-encoding' => 'gzip, deflate, sdch',
  'accept-language' => 'zh-CN,zh;q=0.8',
  'cookie' => 'pgv_pvi=7131442176; pgv_si=s8194427904; think_var=zh-cn; thinkphp_show_page_trace=0|1',
)
[ info ] [ PARAM ] array (
)
[ info ] [ RUN ] Method [ <user> public method index ] {
  @@ D:\WWW\web\application\index\controller\Index.php 6 - 9
}

[ info ] [ LOG ] INIT File

---------------------------------------------------------------
[ 2016-09-24T18:52:37+08:00 ] 127.0.0.1 127.0.0.1 GET /index.php/index
[ log ] www.web.com/index.php/index [运行时间：0.030112s][吞吐率：33.21req/s] [内存消耗：1,272.94kb] [文件加载：38]
[ info ] [ ROUTE ] array (
  'type' => 'module',
  'module' => 
  array (
    0 => 'index',
    1 => NULL,
    2 => NULL,
  ),
)
[ info ] [ HEADER ] array (
  'host' => 'www.web.com',
  'connection' => 'keep-alive',
  'upgrade-insecure-requests' => '1',
  'user-agent' => 'Mozilla/5.0 (Windows NT 10.0; WOW64) AppleWebKit/537.36 (KHTML, like Gecko) Chrome/53.0.2785.116 Safari/537.36',
  'accept' => 'text/html,application/xhtml+xml,application/xml;q=0.9,image/webp,*/*;q=0.8',
  'accept-encoding' => 'gzip, deflate, sdch',
  'accept-language' => 'zh-CN,zh;q=0.8',
  'cookie' => 'pgv_pvi=7131442176; pgv_si=s8194427904; think_var=zh-cn; thinkphp_show_page_trace=0|1',
)
[ info ] [ PARAM ] array (
)
[ info ] [ RUN ] Method [ <user> public method index ] {
  @@ D:\WWW\web\application\index\controller\Index.php 6 - 9
}

[ info ] [ LOG ] INIT File

---------------------------------------------------------------
[ 2016-09-24T18:52:42+08:00 ] 127.0.0.1 127.0.0.1 GET /index.php/index/index
[ log ] www.web.com/index.php/index/index [运行时间：0.030319s][吞吐率：32.98req/s] [内存消耗：1,273.09kb] [文件加载：38]
[ info ] [ ROUTE ] array (
  'type' => 'module',
  'module' => 
  array (
    0 => 'index',
    1 => 'index',
    2 => NULL,
  ),
)
[ info ] [ HEADER ] array (
  'host' => 'www.web.com',
  'connection' => 'keep-alive',
  'upgrade-insecure-requests' => '1',
  'user-agent' => 'Mozilla/5.0 (Windows NT 10.0; WOW64) AppleWebKit/537.36 (KHTML, like Gecko) Chrome/53.0.2785.116 Safari/537.36',
  'accept' => 'text/html,application/xhtml+xml,application/xml;q=0.9,image/webp,*/*;q=0.8',
  'accept-encoding' => 'gzip, deflate, sdch',
  'accept-language' => 'zh-CN,zh;q=0.8',
  'cookie' => 'thinkphp_show_page_trace=0|1; pgv_pvi=7131442176; pgv_si=s8194427904; think_var=zh-cn; thinkphp_show_page_trace=0|1',
)
[ info ] [ PARAM ] array (
)
[ info ] [ RUN ] Method [ <user> public method index ] {
  @@ D:\WWW\web\application\index\controller\Index.php 6 - 9
}

[ info ] [ LOG ] INIT File

---------------------------------------------------------------
[ 2016-09-24T18:53:00+08:00 ] 127.0.0.1 127.0.0.1 GET /index.php/index/test
[ log ] www.web.com/index.php/index/test [运行时间：0.038780s][吞吐率：25.79req/s] [内存消耗：1,348.94kb] [文件加载：43]
[ info ] [ ROUTE ] array (
  'type' => 'module',
  'module' => 
  array (
    0 => 'index',
    1 => 'test',
    2 => NULL,
  ),
)
[ info ] [ HEADER ] array (
  'host' => 'www.web.com',
  'connection' => 'keep-alive',
  'upgrade-insecure-requests' => '1',
  'user-agent' => 'Mozilla/5.0 (Windows NT 10.0; WOW64) AppleWebKit/537.36 (KHTML, like Gecko) Chrome/53.0.2785.116 Safari/537.36',
  'accept' => 'text/html,application/xhtml+xml,application/xml;q=0.9,image/webp,*/*;q=0.8',
  'accept-encoding' => 'gzip, deflate, sdch',
  'accept-language' => 'zh-CN,zh;q=0.8',
  'cookie' => 'thinkphp_show_page_trace=0|1; thinkphp_show_page_trace=0|1; pgv_pvi=7131442176; pgv_si=s8194427904; think_var=zh-cn; thinkphp_show_page_trace=0|1',
)
[ info ] [ PARAM ] array (
)
[ info ] [ LANG ] D:\WWW\web\thinkphp\lang\zh-cn.php
[ info ] [ LOG ] INIT File

---------------------------------------------------------------
[ 2016-09-24T18:53:17+08:00 ] 127.0.0.1 127.0.0.1 GET /index.php/index/index
[ log ] www.web.com/index.php/index/index [运行时间：0.028182s][吞吐率：35.48req/s] [内存消耗：1,273.45kb] [文件加载：38]
[ info ] [ ROUTE ] array (
  'type' => 'module',
  'module' => 
  array (
    0 => 'index',
    1 => 'index',
    2 => NULL,
  ),
)
[ info ] [ HEADER ] array (
  'host' => 'www.web.com',
  'connection' => 'keep-alive',
  'upgrade-insecure-requests' => '1',
  'user-agent' => 'Mozilla/5.0 (Windows NT 10.0; WOW64) AppleWebKit/537.36 (KHTML, like Gecko) Chrome/53.0.2785.116 Safari/537.36',
  'accept' => 'text/html,application/xhtml+xml,application/xml;q=0.9,image/webp,*/*;q=0.8',
  'accept-encoding' => 'gzip, deflate, sdch',
  'accept-language' => 'zh-CN,zh;q=0.8',
  'cookie' => 'thinkphp_show_page_trace=0|1; thinkphp_show_page_trace=0|1; pgv_pvi=7131442176; pgv_si=s8194427904; think_var=zh-cn; thinkphp_show_page_trace=0|1',
)
[ info ] [ PARAM ] array (
)
[ info ] [ RUN ] Method [ <user> public method index ] {
  @@ D:\WWW\web\application\index\controller\Index.php 6 - 9
}

[ info ] [ LOG ] INIT File

---------------------------------------------------------------
[ 2016-09-24T18:53:21+08:00 ] 127.0.0.1 127.0.0.1 GET /index.php/index/index/index
[ log ] www.web.com/index.php/index/index/index [运行时间：0.033622s][吞吐率：29.74req/s] [内存消耗：1,273.50kb] [文件加载：38]
[ info ] [ ROUTE ] array (
  'type' => 'module',
  'module' => 
  array (
    0 => 'index',
    1 => 'index',
    2 => 'index',
  ),
)
[ info ] [ HEADER ] array (
  'host' => 'www.web.com',
  'connection' => 'keep-alive',
  'upgrade-insecure-requests' => '1',
  'user-agent' => 'Mozilla/5.0 (Windows NT 10.0; WOW64) AppleWebKit/537.36 (KHTML, like Gecko) Chrome/53.0.2785.116 Safari/537.36',
  'accept' => 'text/html,application/xhtml+xml,application/xml;q=0.9,image/webp,*/*;q=0.8',
  'accept-encoding' => 'gzip, deflate, sdch',
  'accept-language' => 'zh-CN,zh;q=0.8',
  'cookie' => 'thinkphp_show_page_trace=0|1; thinkphp_show_page_trace=0|1; pgv_pvi=7131442176; pgv_si=s8194427904; think_var=zh-cn; thinkphp_show_page_trace=0|1',
)
[ info ] [ PARAM ] array (
)
[ info ] [ RUN ] Method [ <user> public method index ] {
  @@ D:\WWW\web\application\index\controller\Index.php 6 - 9
}

[ info ] [ LOG ] INIT File

---------------------------------------------------------------
[ 2016-09-24T18:53:24+08:00 ] 127.0.0.1 127.0.0.1 GET /index.php/index/index/index/index
[ log ] www.web.com/index.php/index/index/index/index [运行时间：0.031640s][吞吐率：31.61req/s] [内存消耗：1,273.59kb] [文件加载：38]
[ info ] [ ROUTE ] array (
  'type' => 'module',
  'module' => 
  array (
    0 => 'index',
    1 => 'index',
    2 => 'index',
  ),
)
[ info ] [ HEADER ] array (
  'host' => 'www.web.com',
  'connection' => 'keep-alive',
  'upgrade-insecure-requests' => '1',
  'user-agent' => 'Mozilla/5.0 (Windows NT 10.0; WOW64) AppleWebKit/537.36 (KHTML, like Gecko) Chrome/53.0.2785.116 Safari/537.36',
  'accept' => 'text/html,application/xhtml+xml,application/xml;q=0.9,image/webp,*/*;q=0.8',
  'accept-encoding' => 'gzip, deflate, sdch',
  'accept-language' => 'zh-CN,zh;q=0.8',
  'cookie' => 'thinkphp_show_page_trace=0|1; thinkphp_show_page_trace=0|1; thinkphp_show_page_trace=0|1; pgv_pvi=7131442176; pgv_si=s8194427904; think_var=zh-cn; thinkphp_show_page_trace=0|1',
)
[ info ] [ PARAM ] array (
)
[ info ] [ RUN ] Method [ <user> public method index ] {
  @@ D:\WWW\web\application\index\controller\Index.php 6 - 9
}

[ info ] [ LOG ] INIT File

---------------------------------------------------------------
[ 2016-09-24T18:53:28+08:00 ] 127.0.0.1 127.0.0.1 GET /index.php/index/index/index/index/index
[ log ] www.web.com/index.php/index/index/index/index/index [运行时间：0.024445s][吞吐率：40.91req/s] [内存消耗：1,273.96kb] [文件加载：38]
[ info ] [ ROUTE ] array (
  'type' => 'module',
  'module' => 
  array (
    0 => 'index',
    1 => 'index',
    2 => 'index',
  ),
)
[ info ] [ HEADER ] array (
  'host' => 'www.web.com',
  'connection' => 'keep-alive',
  'upgrade-insecure-requests' => '1',
  'user-agent' => 'Mozilla/5.0 (Windows NT 10.0; WOW64) AppleWebKit/537.36 (KHTML, like Gecko) Chrome/53.0.2785.116 Safari/537.36',
  'accept' => 'text/html,application/xhtml+xml,application/xml;q=0.9,image/webp,*/*;q=0.8',
  'accept-encoding' => 'gzip, deflate, sdch',
  'accept-language' => 'zh-CN,zh;q=0.8',
  'cookie' => 'thinkphp_show_page_trace=0|1; thinkphp_show_page_trace=0|1; thinkphp_show_page_trace=0|1; thinkphp_show_page_trace=0|1; pgv_pvi=7131442176; pgv_si=s8194427904; think_var=zh-cn; thinkphp_show_page_trace=0|1',
)
[ info ] [ PARAM ] array (
  'index' => 'index',
)
[ info ] [ RUN ] Method [ <user> public method index ] {
  @@ D:\WWW\web\application\index\controller\Index.php 6 - 9
}

[ info ] [ LOG ] INIT File

---------------------------------------------------------------
[ 2016-09-24T18:53:31+08:00 ] 127.0.0.1 127.0.0.1 GET /index.php/index/index/index/index/index/index
[ log ] www.web.com/index.php/index/index/index/index/index/index [运行时间：0.028738s][吞吐率：34.80req/s] [内存消耗：1,274.05kb] [文件加载：38]
[ info ] [ ROUTE ] array (
  'type' => 'module',
  'module' => 
  array (
    0 => 'index',
    1 => 'index',
    2 => 'index',
  ),
)
[ info ] [ HEADER ] array (
  'host' => 'www.web.com',
  'connection' => 'keep-alive',
  'upgrade-insecure-requests' => '1',
  'user-agent' => 'Mozilla/5.0 (Windows NT 10.0; WOW64) AppleWebKit/537.36 (KHTML, like Gecko) Chrome/53.0.2785.116 Safari/537.36',
  'accept' => 'text/html,application/xhtml+xml,application/xml;q=0.9,image/webp,*/*;q=0.8',
  'accept-encoding' => 'gzip, deflate, sdch',
  'accept-language' => 'zh-CN,zh;q=0.8',
  'cookie' => 'thinkphp_show_page_trace=0|1; thinkphp_show_page_trace=0|1; thinkphp_show_page_trace=0|1; thinkphp_show_page_trace=0|1; thinkphp_show_page_trace=0|1; pgv_pvi=7131442176; pgv_si=s8194427904; think_var=zh-cn; thinkphp_show_page_trace=0|1',
)
[ info ] [ PARAM ] array (
  'index' => 'index',
)
[ info ] [ RUN ] Method [ <user> public method index ] {
  @@ D:\WWW\web\application\index\controller\Index.php 6 - 9
}

[ info ] [ LOG ] INIT File

---------------------------------------------------------------
[ 2016-09-24T18:53:37+08:00 ] 127.0.0.1 127.0.0.1 GET /index.php/index/index/test
[ log ] www.web.com/index.php/index/index/test [运行时间：0.026982s][吞吐率：37.06req/s] [内存消耗：1,350.23kb] [文件加载：44]
[ info ] [ ROUTE ] array (
  'type' => 'module',
  'module' => 
  array (
    0 => 'index',
    1 => 'index',
    2 => 'test',
  ),
)
[ info ] [ HEADER ] array (
  'host' => 'www.web.com',
  'connection' => 'keep-alive',
  'upgrade-insecure-requests' => '1',
  'user-agent' => 'Mozilla/5.0 (Windows NT 10.0; WOW64) AppleWebKit/537.36 (KHTML, like Gecko) Chrome/53.0.2785.116 Safari/537.36',
  'accept' => 'text/html,application/xhtml+xml,application/xml;q=0.9,image/webp,*/*;q=0.8',
  'accept-encoding' => 'gzip, deflate, sdch',
  'accept-language' => 'zh-CN,zh;q=0.8',
  'cookie' => 'thinkphp_show_page_trace=0|1; thinkphp_show_page_trace=0|1; thinkphp_show_page_trace=0|1; pgv_pvi=7131442176; pgv_si=s8194427904; think_var=zh-cn; thinkphp_show_page_trace=0|1',
)
[ info ] [ PARAM ] array (
)
[ info ] [ LANG ] D:\WWW\web\thinkphp\lang\zh-cn.php
[ info ] [ LOG ] INIT File

---------------------------------------------------------------
[ 2016-09-24T18:53:44+08:00 ] 127.0.0.1 127.0.0.1 GET /index.php/index/index/test
[ log ] www.web.com/index.php/index/index/test [运行时间：0.042593s][吞吐率：23.48req/s] [内存消耗：1,273.66kb] [文件加载：38]
[ info ] [ ROUTE ] array (
  'type' => 'module',
  'module' => 
  array (
    0 => 'index',
    1 => 'index',
    2 => 'test',
  ),
)
[ info ] [ HEADER ] array (
  'host' => 'www.web.com',
  'connection' => 'keep-alive',
  'cache-control' => 'max-age=0',
  'upgrade-insecure-requests' => '1',
  'user-agent' => 'Mozilla/5.0 (Windows NT 10.0; WOW64) AppleWebKit/537.36 (KHTML, like Gecko) Chrome/53.0.2785.116 Safari/537.36',
  'accept' => 'text/html,application/xhtml+xml,application/xml;q=0.9,image/webp,*/*;q=0.8',
  'accept-encoding' => 'gzip, deflate, sdch',
  'accept-language' => 'zh-CN,zh;q=0.8',
  'cookie' => 'thinkphp_show_page_trace=0|1; thinkphp_show_page_trace=0|1; thinkphp_show_page_trace=0|1; pgv_pvi=7131442176; pgv_si=s8194427904; think_var=zh-cn; thinkphp_show_page_trace=0|1',
)
[ info ] [ PARAM ] array (
)
[ info ] [ RUN ] Method [ <user> public method test ] {
  @@ D:\WWW\web\application\index\controller\Index.php 11 - 14
}

[ info ] [ LOG ] INIT File

---------------------------------------------------------------
[ 2016-09-24T18:53:49+08:00 ] 127.0.0.1 127.0.0.1 GET /index.php/index/index/test1
[ log ] www.web.com/index.php/index/index/test1 [运行时间：0.044234s][吞吐率：22.61req/s] [内存消耗：1,350.33kb] [文件加载：44]
[ info ] [ ROUTE ] array (
  'type' => 'module',
  'module' => 
  array (
    0 => 'index',
    1 => 'index',
    2 => 'test1',
  ),
)
[ info ] [ HEADER ] array (
  'host' => 'www.web.com',
  'connection' => 'keep-alive',
  'upgrade-insecure-requests' => '1',
  'user-agent' => 'Mozilla/5.0 (Windows NT 10.0; WOW64) AppleWebKit/537.36 (KHTML, like Gecko) Chrome/53.0.2785.116 Safari/537.36',
  'accept' => 'text/html,application/xhtml+xml,application/xml;q=0.9,image/webp,*/*;q=0.8',
  'accept-encoding' => 'gzip, deflate, sdch',
  'accept-language' => 'zh-CN,zh;q=0.8',
  'cookie' => 'thinkphp_show_page_trace=0|1; thinkphp_show_page_trace=0|1; thinkphp_show_page_trace=0|1; pgv_pvi=7131442176; pgv_si=s8194427904; think_var=zh-cn; thinkphp_show_page_trace=0|1',
)
[ info ] [ PARAM ] array (
)
[ info ] [ LANG ] D:\WWW\web\thinkphp\lang\zh-cn.php
[ info ] [ LOG ] INIT File

---------------------------------------------------------------
[ 2016-09-24T18:54:07+08:00 ] 127.0.0.1 127.0.0.1 GET /index.php/index/index/test
[ log ] www.web.com/index.php/index/index/test [运行时间：0.023624s][吞吐率：42.33req/s] [内存消耗：1,273.51kb] [文件加载：38]
[ info ] [ ROUTE ] array (
  'type' => 'module',
  'module' => 
  array (
    0 => 'index',
    1 => 'index',
    2 => 'test',
  ),
)
[ info ] [ HEADER ] array (
  'host' => 'www.web.com',
  'connection' => 'keep-alive',
  'upgrade-insecure-requests' => '1',
  'user-agent' => 'Mozilla/5.0 (Windows NT 10.0; WOW64) AppleWebKit/537.36 (KHTML, like Gecko) Chrome/53.0.2785.116 Safari/537.36',
  'accept' => 'text/html,application/xhtml+xml,application/xml;q=0.9,image/webp,*/*;q=0.8',
  'accept-encoding' => 'gzip, deflate, sdch',
  'accept-language' => 'zh-CN,zh;q=0.8',
  'cookie' => 'thinkphp_show_page_trace=0|1; thinkphp_show_page_trace=0|1; thinkphp_show_page_trace=0|1; pgv_pvi=7131442176; pgv_si=s8194427904; think_var=zh-cn; thinkphp_show_page_trace=0|1',
)
[ info ] [ PARAM ] array (
)
[ info ] [ RUN ] Method [ <user> public method test ] {
  @@ D:\WWW\web\application\index\controller\Index.php 11 - 14
}

[ info ] [ LOG ] INIT File

---------------------------------------------------------------
[ 2016-09-24T18:54:45+08:00 ] 127.0.0.1 127.0.0.1 GET /index/index/test
[ log ] www.web.com/index/index/test [运行时间：0.029243s][吞吐率：34.20req/s] [内存消耗：1,273.39kb] [文件加载：38]
[ info ] [ ROUTE ] array (
  'type' => 'module',
  'module' => 
  array (
    0 => 'index',
    1 => 'index',
    2 => 'test',
  ),
)
[ info ] [ HEADER ] array (
  'host' => 'www.web.com',
  'connection' => 'keep-alive',
  'upgrade-insecure-requests' => '1',
  'user-agent' => 'Mozilla/5.0 (Windows NT 10.0; WOW64) AppleWebKit/537.36 (KHTML, like Gecko) Chrome/53.0.2785.116 Safari/537.36',
  'accept' => 'text/html,application/xhtml+xml,application/xml;q=0.9,image/webp,*/*;q=0.8',
  'accept-encoding' => 'gzip, deflate, sdch',
  'accept-language' => 'zh-CN,zh;q=0.8',
  'cookie' => 'pgv_pvi=7131442176; pgv_si=s8194427904; think_var=zh-cn; thinkphp_show_page_trace=0|1',
)
[ info ] [ PARAM ] array (
)
[ info ] [ RUN ] Method [ <user> public method test ] {
  @@ D:\WWW\web\application\index\controller\Index.php 11 - 14
}

[ info ] [ LOG ] INIT File

---------------------------------------------------------------
[ 2016-09-24T18:54:46+08:00 ] 127.0.0.1 127.0.0.1 GET /index/index/test
[ log ] www.web.com/index/index/test [运行时间：0.028581s][吞吐率：34.99req/s] [内存消耗：1,273.52kb] [文件加载：38]
[ info ] [ ROUTE ] array (
  'type' => 'module',
  'module' => 
  array (
    0 => 'index',
    1 => 'index',
    2 => 'test',
  ),
)
[ info ] [ HEADER ] array (
  'host' => 'www.web.com',
  'connection' => 'keep-alive',
  'cache-control' => 'max-age=0',
  'upgrade-insecure-requests' => '1',
  'user-agent' => 'Mozilla/5.0 (Windows NT 10.0; WOW64) AppleWebKit/537.36 (KHTML, like Gecko) Chrome/53.0.2785.116 Safari/537.36',
  'accept' => 'text/html,application/xhtml+xml,application/xml;q=0.9,image/webp,*/*;q=0.8',
  'accept-encoding' => 'gzip, deflate, sdch',
  'accept-language' => 'zh-CN,zh;q=0.8',
  'cookie' => 'thinkphp_show_page_trace=0|1; pgv_pvi=7131442176; pgv_si=s8194427904; think_var=zh-cn; thinkphp_show_page_trace=0|1',
)
[ info ] [ PARAM ] array (
)
[ info ] [ RUN ] Method [ <user> public method test ] {
  @@ D:\WWW\web\application\index\controller\Index.php 11 - 14
}

[ info ] [ LOG ] INIT File

---------------------------------------------------------------
[ 2016-09-24T18:54:47+08:00 ] 127.0.0.1 127.0.0.1 GET /index/index/test
[ log ] www.web.com/index/index/test [运行时间：0.026001s][吞吐率：38.46req/s] [内存消耗：1,273.52kb] [文件加载：38]
[ info ] [ ROUTE ] array (
  'type' => 'module',
  'module' => 
  array (
    0 => 'index',
    1 => 'index',
    2 => 'test',
  ),
)
[ info ] [ HEADER ] array (
  'host' => 'www.web.com',
  'connection' => 'keep-alive',
  'cache-control' => 'max-age=0',
  'upgrade-insecure-requests' => '1',
  'user-agent' => 'Mozilla/5.0 (Windows NT 10.0; WOW64) AppleWebKit/537.36 (KHTML, like Gecko) Chrome/53.0.2785.116 Safari/537.36',
  'accept' => 'text/html,application/xhtml+xml,application/xml;q=0.9,image/webp,*/*;q=0.8',
  'accept-encoding' => 'gzip, deflate, sdch',
  'accept-language' => 'zh-CN,zh;q=0.8',
  'cookie' => 'thinkphp_show_page_trace=0|1; pgv_pvi=7131442176; pgv_si=s8194427904; think_var=zh-cn; thinkphp_show_page_trace=0|1',
)
[ info ] [ PARAM ] array (
)
[ info ] [ RUN ] Method [ <user> public method test ] {
  @@ D:\WWW\web\application\index\controller\Index.php 11 - 14
}

[ info ] [ LOG ] INIT File

---------------------------------------------------------------
[ 2016-09-24T18:56:12+08:00 ] 127.0.0.1 127.0.0.1 GET /index/index/test
[ log ] www.web.com/index/index/test [运行时间：0.039345s][吞吐率：25.42req/s] [内存消耗：1,273.52kb] [文件加载：38]
[ info ] [ ROUTE ] array (
  'type' => 'module',
  'module' => 
  array (
    0 => 'index',
    1 => 'index',
    2 => 'test',
  ),
)
[ info ] [ HEADER ] array (
  'host' => 'www.web.com',
  'connection' => 'keep-alive',
  'cache-control' => 'max-age=0',
  'upgrade-insecure-requests' => '1',
  'user-agent' => 'Mozilla/5.0 (Windows NT 10.0; WOW64) AppleWebKit/537.36 (KHTML, like Gecko) Chrome/53.0.2785.116 Safari/537.36',
  'accept' => 'text/html,application/xhtml+xml,application/xml;q=0.9,image/webp,*/*;q=0.8',
  'accept-encoding' => 'gzip, deflate, sdch',
  'accept-language' => 'zh-CN,zh;q=0.8',
  'cookie' => 'thinkphp_show_page_trace=0|1; pgv_pvi=7131442176; pgv_si=s8194427904; think_var=zh-cn; thinkphp_show_page_trace=0|1',
)
[ info ] [ PARAM ] array (
)
[ info ] [ RUN ] Method [ <user> public method test ] {
  @@ D:\WWW\web\application\index\controller\Index.php 11 - 14
}

[ info ] [ LOG ] INIT File

---------------------------------------------------------------
[ 2016-09-24T18:56:13+08:00 ] 127.0.0.1 127.0.0.1 GET /index/index/test
[ log ] www.web.com/index/index/test [运行时间：0.027013s][吞吐率：37.02req/s] [内存消耗：1,273.52kb] [文件加载：38]
[ info ] [ ROUTE ] array (
  'type' => 'module',
  'module' => 
  array (
    0 => 'index',
    1 => 'index',
    2 => 'test',
  ),
)
[ info ] [ HEADER ] array (
  'host' => 'www.web.com',
  'connection' => 'keep-alive',
  'cache-control' => 'max-age=0',
  'upgrade-insecure-requests' => '1',
  'user-agent' => 'Mozilla/5.0 (Windows NT 10.0; WOW64) AppleWebKit/537.36 (KHTML, like Gecko) Chrome/53.0.2785.116 Safari/537.36',
  'accept' => 'text/html,application/xhtml+xml,application/xml;q=0.9,image/webp,*/*;q=0.8',
  'accept-encoding' => 'gzip, deflate, sdch',
  'accept-language' => 'zh-CN,zh;q=0.8',
  'cookie' => 'thinkphp_show_page_trace=0|1; pgv_pvi=7131442176; pgv_si=s8194427904; think_var=zh-cn; thinkphp_show_page_trace=0|1',
)
[ info ] [ PARAM ] array (
)
[ info ] [ RUN ] Method [ <user> public method test ] {
  @@ D:\WWW\web\application\index\controller\Index.php 11 - 14
}

[ info ] [ LOG ] INIT File

---------------------------------------------------------------
[ 2016-09-24T18:56:13+08:00 ] 127.0.0.1 127.0.0.1 GET /index/index/test
[ log ] www.web.com/index/index/test [运行时间：0.036453s][吞吐率：27.43req/s] [内存消耗：1,273.52kb] [文件加载：38]
[ info ] [ ROUTE ] array (
  'type' => 'module',
  'module' => 
  array (
    0 => 'index',
    1 => 'index',
    2 => 'test',
  ),
)
[ info ] [ HEADER ] array (
  'host' => 'www.web.com',
  'connection' => 'keep-alive',
  'cache-control' => 'max-age=0',
  'upgrade-insecure-requests' => '1',
  'user-agent' => 'Mozilla/5.0 (Windows NT 10.0; WOW64) AppleWebKit/537.36 (KHTML, like Gecko) Chrome/53.0.2785.116 Safari/537.36',
  'accept' => 'text/html,application/xhtml+xml,application/xml;q=0.9,image/webp,*/*;q=0.8',
  'accept-encoding' => 'gzip, deflate, sdch',
  'accept-language' => 'zh-CN,zh;q=0.8',
  'cookie' => 'thinkphp_show_page_trace=0|1; pgv_pvi=7131442176; pgv_si=s8194427904; think_var=zh-cn; thinkphp_show_page_trace=0|1',
)
[ info ] [ PARAM ] array (
)
[ info ] [ RUN ] Method [ <user> public method test ] {
  @@ D:\WWW\web\application\index\controller\Index.php 11 - 14
}

[ info ] [ LOG ] INIT File

---------------------------------------------------------------
[ 2016-09-24T18:58:35+08:00 ] 127.0.0.1 127.0.0.1 GET /index/index/test
[ log ] www.web.com/index/index/test [运行时间：0.036081s][吞吐率：27.72req/s] [内存消耗：1,273.52kb] [文件加载：38]
[ info ] [ ROUTE ] array (
  'type' => 'module',
  'module' => 
  array (
    0 => 'index',
    1 => 'index',
    2 => 'test',
  ),
)
[ info ] [ HEADER ] array (
  'host' => 'www.web.com',
  'connection' => 'keep-alive',
  'cache-control' => 'max-age=0',
  'upgrade-insecure-requests' => '1',
  'user-agent' => 'Mozilla/5.0 (Windows NT 10.0; WOW64) AppleWebKit/537.36 (KHTML, like Gecko) Chrome/53.0.2785.116 Safari/537.36',
  'accept' => 'text/html,application/xhtml+xml,application/xml;q=0.9,image/webp,*/*;q=0.8',
  'accept-encoding' => 'gzip, deflate, sdch',
  'accept-language' => 'zh-CN,zh;q=0.8',
  'cookie' => 'thinkphp_show_page_trace=0|1; pgv_pvi=7131442176; pgv_si=s8194427904; think_var=zh-cn; thinkphp_show_page_trace=0|1',
)
[ info ] [ PARAM ] array (
)
[ info ] [ RUN ] Method [ <user> public method test ] {
  @@ D:\WWW\web\application\index\controller\Index.php 11 - 14
}

[ info ] [ LOG ] INIT File

---------------------------------------------------------------
[ 2016-09-24T18:58:36+08:00 ] 127.0.0.1 127.0.0.1 GET /index/index/test
[ log ] www.web.com/index/index/test [运行时间：0.023215s][吞吐率：43.08req/s] [内存消耗：1,273.52kb] [文件加载：38]
[ info ] [ ROUTE ] array (
  'type' => 'module',
  'module' => 
  array (
    0 => 'index',
    1 => 'index',
    2 => 'test',
  ),
)
[ info ] [ HEADER ] array (
  'host' => 'www.web.com',
  'connection' => 'keep-alive',
  'cache-control' => 'max-age=0',
  'upgrade-insecure-requests' => '1',
  'user-agent' => 'Mozilla/5.0 (Windows NT 10.0; WOW64) AppleWebKit/537.36 (KHTML, like Gecko) Chrome/53.0.2785.116 Safari/537.36',
  'accept' => 'text/html,application/xhtml+xml,application/xml;q=0.9,image/webp,*/*;q=0.8',
  'accept-encoding' => 'gzip, deflate, sdch',
  'accept-language' => 'zh-CN,zh;q=0.8',
  'cookie' => 'thinkphp_show_page_trace=0|1; pgv_pvi=7131442176; pgv_si=s8194427904; think_var=zh-cn; thinkphp_show_page_trace=0|1',
)
[ info ] [ PARAM ] array (
)
[ info ] [ RUN ] Method [ <user> public method test ] {
  @@ D:\WWW\web\application\index\controller\Index.php 11 - 14
}

[ info ] [ LOG ] INIT File

---------------------------------------------------------------
[ 2016-09-24T19:12:22+08:00 ] 127.0.0.1 127.0.0.1 GET //index/test
[ log ] www.web.com//index/test [运行时间：0.038053s][吞吐率：26.28req/s] [内存消耗：1,348.88kb] [文件加载：43]
[ info ] [ ROUTE ] array (
  'type' => 'module',
  'module' => 
  array (
    0 => 'index',
    1 => 'test',
    2 => NULL,
  ),
)
[ info ] [ HEADER ] array (
  'host' => 'www.web.com',
  'connection' => 'keep-alive',
  'upgrade-insecure-requests' => '1',
  'user-agent' => 'Mozilla/5.0 (Windows NT 10.0; WOW64) AppleWebKit/537.36 (KHTML, like Gecko) Chrome/53.0.2785.116 Safari/537.36',
  'accept' => 'text/html,application/xhtml+xml,application/xml;q=0.9,image/webp,*/*;q=0.8',
  'accept-encoding' => 'gzip, deflate, sdch',
  'accept-language' => 'zh-CN,zh;q=0.8',
  'cookie' => 'pgv_pvi=7131442176; pgv_si=s8194427904; think_var=zh-cn; thinkphp_show_page_trace=0|1',
)
[ info ] [ PARAM ] array (
)
[ info ] [ LANG ] D:\WWW\web\thinkphp\lang\zh-cn.php
[ info ] [ LOG ] INIT File

---------------------------------------------------------------
[ 2016-09-24T19:12:31+08:00 ] 127.0.0.1 127.0.0.1 GET /index/test
[ log ] www.web.com/index/test [运行时间：0.036811s][吞吐率：27.17req/s] [内存消耗：1,348.88kb] [文件加载：43]
[ info ] [ ROUTE ] array (
  'type' => 'module',
  'module' => 
  array (
    0 => 'index',
    1 => 'test',
    2 => NULL,
  ),
)
[ info ] [ HEADER ] array (
  'host' => 'www.web.com',
  'connection' => 'keep-alive',
  'upgrade-insecure-requests' => '1',
  'user-agent' => 'Mozilla/5.0 (Windows NT 10.0; WOW64) AppleWebKit/537.36 (KHTML, like Gecko) Chrome/53.0.2785.116 Safari/537.36',
  'accept' => 'text/html,application/xhtml+xml,application/xml;q=0.9,image/webp,*/*;q=0.8',
  'accept-encoding' => 'gzip, deflate, sdch',
  'accept-language' => 'zh-CN,zh;q=0.8',
  'cookie' => 'pgv_pvi=7131442176; pgv_si=s8194427904; think_var=zh-cn; thinkphp_show_page_trace=0|1',
)
[ info ] [ PARAM ] array (
)
[ info ] [ LANG ] D:\WWW\web\thinkphp\lang\zh-cn.php
[ info ] [ LOG ] INIT File

---------------------------------------------------------------
[ 2016-09-24T19:12:33+08:00 ] 127.0.0.1 127.0.0.1 GET /index/test
[ log ] www.web.com/index/test [运行时间：0.033286s][吞吐率：30.04req/s] [内存消耗：1,349.00kb] [文件加载：43]
[ info ] [ ROUTE ] array (
  'type' => 'module',
  'module' => 
  array (
    0 => 'index',
    1 => 'test',
    2 => NULL,
  ),
)
[ info ] [ HEADER ] array (
  'host' => 'www.web.com',
  'connection' => 'keep-alive',
  'cache-control' => 'max-age=0',
  'upgrade-insecure-requests' => '1',
  'user-agent' => 'Mozilla/5.0 (Windows NT 10.0; WOW64) AppleWebKit/537.36 (KHTML, like Gecko) Chrome/53.0.2785.116 Safari/537.36',
  'accept' => 'text/html,application/xhtml+xml,application/xml;q=0.9,image/webp,*/*;q=0.8',
  'accept-encoding' => 'gzip, deflate, sdch',
  'accept-language' => 'zh-CN,zh;q=0.8',
  'cookie' => 'thinkphp_show_page_trace=0|1; pgv_pvi=7131442176; pgv_si=s8194427904; think_var=zh-cn; thinkphp_show_page_trace=0|1',
)
[ info ] [ PARAM ] array (
)
[ info ] [ LANG ] D:\WWW\web\thinkphp\lang\zh-cn.php
[ info ] [ LOG ] INIT File

---------------------------------------------------------------
[ 2016-09-24T19:17:01+08:00 ] 127.0.0.1 127.0.0.1 GET /index/test
[ log ] www.web.com/index/test [运行时间：0.049909s][吞吐率：20.04req/s] [内存消耗：1,349.00kb] [文件加载：43]
[ info ] [ ROUTE ] array (
  'type' => 'module',
  'module' => 
  array (
    0 => 'index',
    1 => 'test',
    2 => NULL,
  ),
)
[ info ] [ HEADER ] array (
  'host' => 'www.web.com',
  'connection' => 'keep-alive',
  'cache-control' => 'max-age=0',
  'upgrade-insecure-requests' => '1',
  'user-agent' => 'Mozilla/5.0 (Windows NT 10.0; WOW64) AppleWebKit/537.36 (KHTML, like Gecko) Chrome/53.0.2785.116 Safari/537.36',
  'accept' => 'text/html,application/xhtml+xml,application/xml;q=0.9,image/webp,*/*;q=0.8',
  'accept-encoding' => 'gzip, deflate, sdch',
  'accept-language' => 'zh-CN,zh;q=0.8',
  'cookie' => 'thinkphp_show_page_trace=0|1; pgv_pvi=7131442176; pgv_si=s8194427904; think_var=zh-cn; thinkphp_show_page_trace=0|1',
)
[ info ] [ PARAM ] array (
)
[ info ] [ LANG ] D:\WWW\web\thinkphp\lang\zh-cn.php
[ info ] [ LOG ] INIT File

---------------------------------------------------------------
[ 2016-09-24T19:17:09+08:00 ] 127.0.0.1 127.0.0.1 GET /index/test
[ log ] www.web.com/index/test [运行时间：0.051835s][吞吐率：19.29req/s] [内存消耗：1,349.00kb] [文件加载：43]
[ info ] [ ROUTE ] array (
  'type' => 'module',
  'module' => 
  array (
    0 => 'index',
    1 => 'test',
    2 => NULL,
  ),
)
[ info ] [ HEADER ] array (
  'host' => 'www.web.com',
  'connection' => 'keep-alive',
  'cache-control' => 'max-age=0',
  'upgrade-insecure-requests' => '1',
  'user-agent' => 'Mozilla/5.0 (Windows NT 10.0; WOW64) AppleWebKit/537.36 (KHTML, like Gecko) Chrome/53.0.2785.116 Safari/537.36',
  'accept' => 'text/html,application/xhtml+xml,application/xml;q=0.9,image/webp,*/*;q=0.8',
  'accept-encoding' => 'gzip, deflate, sdch',
  'accept-language' => 'zh-CN,zh;q=0.8',
  'cookie' => 'thinkphp_show_page_trace=0|1; pgv_pvi=7131442176; pgv_si=s8194427904; think_var=zh-cn; thinkphp_show_page_trace=0|1',
)
[ info ] [ PARAM ] array (
)
[ info ] [ LANG ] D:\WWW\web\thinkphp\lang\zh-cn.php
[ info ] [ LOG ] INIT File

---------------------------------------------------------------
[ 2016-09-24T19:17:09+08:00 ] 127.0.0.1 127.0.0.1 GET /index/test
[ log ] www.web.com/index/test [运行时间：0.043222s][吞吐率：23.14req/s] [内存消耗：1,349.00kb] [文件加载：43]
[ info ] [ ROUTE ] array (
  'type' => 'module',
  'module' => 
  array (
    0 => 'index',
    1 => 'test',
    2 => NULL,
  ),
)
[ info ] [ HEADER ] array (
  'host' => 'www.web.com',
  'connection' => 'keep-alive',
  'cache-control' => 'max-age=0',
  'upgrade-insecure-requests' => '1',
  'user-agent' => 'Mozilla/5.0 (Windows NT 10.0; WOW64) AppleWebKit/537.36 (KHTML, like Gecko) Chrome/53.0.2785.116 Safari/537.36',
  'accept' => 'text/html,application/xhtml+xml,application/xml;q=0.9,image/webp,*/*;q=0.8',
  'accept-encoding' => 'gzip, deflate, sdch',
  'accept-language' => 'zh-CN,zh;q=0.8',
  'cookie' => 'thinkphp_show_page_trace=0|1; pgv_pvi=7131442176; pgv_si=s8194427904; think_var=zh-cn; thinkphp_show_page_trace=0|1',
)
[ info ] [ PARAM ] array (
)
[ info ] [ LANG ] D:\WWW\web\thinkphp\lang\zh-cn.php
[ info ] [ LOG ] INIT File

---------------------------------------------------------------
[ 2016-09-24T19:17:09+08:00 ] 127.0.0.1 127.0.0.1 GET /index/test
[ log ] www.web.com/index/test [运行时间：0.049989s][吞吐率：20.00req/s] [内存消耗：1,349.00kb] [文件加载：43]
[ info ] [ ROUTE ] array (
  'type' => 'module',
  'module' => 
  array (
    0 => 'index',
    1 => 'test',
    2 => NULL,
  ),
)
[ info ] [ HEADER ] array (
  'host' => 'www.web.com',
  'connection' => 'keep-alive',
  'cache-control' => 'max-age=0',
  'upgrade-insecure-requests' => '1',
  'user-agent' => 'Mozilla/5.0 (Windows NT 10.0; WOW64) AppleWebKit/537.36 (KHTML, like Gecko) Chrome/53.0.2785.116 Safari/537.36',
  'accept' => 'text/html,application/xhtml+xml,application/xml;q=0.9,image/webp,*/*;q=0.8',
  'accept-encoding' => 'gzip, deflate, sdch',
  'accept-language' => 'zh-CN,zh;q=0.8',
  'cookie' => 'thinkphp_show_page_trace=0|1; pgv_pvi=7131442176; pgv_si=s8194427904; think_var=zh-cn; thinkphp_show_page_trace=0|1',
)
[ info ] [ PARAM ] array (
)
[ info ] [ LANG ] D:\WWW\web\thinkphp\lang\zh-cn.php
[ info ] [ LOG ] INIT File

---------------------------------------------------------------
[ 2016-09-24T19:17:10+08:00 ] 127.0.0.1 127.0.0.1 GET /index/test
[ log ] www.web.com/index/test [运行时间：0.041733s][吞吐率：23.96req/s] [内存消耗：1,349.00kb] [文件加载：43]
[ info ] [ ROUTE ] array (
  'type' => 'module',
  'module' => 
  array (
    0 => 'index',
    1 => 'test',
    2 => NULL,
  ),
)
[ info ] [ HEADER ] array (
  'host' => 'www.web.com',
  'connection' => 'keep-alive',
  'cache-control' => 'max-age=0',
  'upgrade-insecure-requests' => '1',
  'user-agent' => 'Mozilla/5.0 (Windows NT 10.0; WOW64) AppleWebKit/537.36 (KHTML, like Gecko) Chrome/53.0.2785.116 Safari/537.36',
  'accept' => 'text/html,application/xhtml+xml,application/xml;q=0.9,image/webp,*/*;q=0.8',
  'accept-encoding' => 'gzip, deflate, sdch',
  'accept-language' => 'zh-CN,zh;q=0.8',
  'cookie' => 'thinkphp_show_page_trace=0|1; pgv_pvi=7131442176; pgv_si=s8194427904; think_var=zh-cn; thinkphp_show_page_trace=0|1',
)
[ info ] [ PARAM ] array (
)
[ info ] [ LANG ] D:\WWW\web\thinkphp\lang\zh-cn.php
[ info ] [ LOG ] INIT File

---------------------------------------------------------------
[ 2016-09-24T19:17:10+08:00 ] 127.0.0.1 127.0.0.1 GET /index/test
[ log ] www.web.com/index/test [运行时间：0.028123s][吞吐率：35.56req/s] [内存消耗：1,349.00kb] [文件加载：43]
[ info ] [ ROUTE ] array (
  'type' => 'module',
  'module' => 
  array (
    0 => 'index',
    1 => 'test',
    2 => NULL,
  ),
)
[ info ] [ HEADER ] array (
  'host' => 'www.web.com',
  'connection' => 'keep-alive',
  'cache-control' => 'max-age=0',
  'upgrade-insecure-requests' => '1',
  'user-agent' => 'Mozilla/5.0 (Windows NT 10.0; WOW64) AppleWebKit/537.36 (KHTML, like Gecko) Chrome/53.0.2785.116 Safari/537.36',
  'accept' => 'text/html,application/xhtml+xml,application/xml;q=0.9,image/webp,*/*;q=0.8',
  'accept-encoding' => 'gzip, deflate, sdch',
  'accept-language' => 'zh-CN,zh;q=0.8',
  'cookie' => 'thinkphp_show_page_trace=0|1; pgv_pvi=7131442176; pgv_si=s8194427904; think_var=zh-cn; thinkphp_show_page_trace=0|1',
)
[ info ] [ PARAM ] array (
)
[ info ] [ LANG ] D:\WWW\web\thinkphp\lang\zh-cn.php
[ info ] [ LOG ] INIT File

---------------------------------------------------------------
[ 2016-09-24T19:17:42+08:00 ] 127.0.0.1 127.0.0.1 GET /
[ log ] www.web.com/ [运行时间：0.040680s][吞吐率：24.58req/s] [内存消耗：1,348.25kb] [文件加载：43]
[ info ] [ ROUTE ] array (
  'type' => 'module',
  'module' => 
  array (
    0 => '',
    1 => NULL,
    2 => NULL,
  ),
)
[ info ] [ HEADER ] array (
  'host' => 'www.web.com',
  'connection' => 'keep-alive',
  'upgrade-insecure-requests' => '1',
  'user-agent' => 'Mozilla/5.0 (Windows NT 10.0; WOW64) AppleWebKit/537.36 (KHTML, like Gecko) Chrome/53.0.2785.116 Safari/537.36',
  'accept' => 'text/html,application/xhtml+xml,application/xml;q=0.9,image/webp,*/*;q=0.8',
  'accept-encoding' => 'gzip, deflate, sdch',
  'accept-language' => 'zh-CN,zh;q=0.8',
  'cookie' => 'pgv_pvi=7131442176; pgv_si=s8194427904; think_var=zh-cn; thinkphp_show_page_trace=0|1',
)
[ info ] [ PARAM ] array (
)
[ info ] [ LANG ] D:\WWW\web\thinkphp\lang\zh-cn.php
[ info ] [ LOG ] INIT File

---------------------------------------------------------------
[ 2016-09-24T19:17:58+08:00 ] 127.0.0.1 127.0.0.1 GET /
[ log ] www.web.com/ [运行时间：0.039853s][吞吐率：25.09req/s] [内存消耗：1,348.41kb] [文件加载：43]
[ info ] [ ROUTE ] array (
  'type' => 'module',
  'module' => 
  array (
    0 => '',
    1 => NULL,
    2 => NULL,
  ),
)
[ info ] [ HEADER ] array (
  'host' => 'www.web.com',
  'connection' => 'keep-alive',
  'cache-control' => 'max-age=0',
  'upgrade-insecure-requests' => '1',
  'user-agent' => 'Mozilla/5.0 (Windows NT 10.0; WOW64) AppleWebKit/537.36 (KHTML, like Gecko) Chrome/53.0.2785.116 Safari/537.36',
  'accept' => 'text/html,application/xhtml+xml,application/xml;q=0.9,image/webp,*/*;q=0.8',
  'accept-encoding' => 'gzip, deflate, sdch',
  'accept-language' => 'zh-CN,zh;q=0.8',
  'cookie' => 'pgv_pvi=7131442176; pgv_si=s8194427904; think_var=zh-cn; thinkphp_show_page_trace=0|1',
)
[ info ] [ PARAM ] array (
)
[ info ] [ LANG ] D:\WWW\web\thinkphp\lang\zh-cn.php
[ info ] [ LOG ] INIT File

---------------------------------------------------------------
[ 2016-09-24T19:19:24+08:00 ] 127.0.0.1 127.0.0.1 GET /
[ log ] www.web.com/ [运行时间：0.056286s][吞吐率：17.77req/s] [内存消耗：1,348.98kb] [文件加载：43]
[ info ] [ ROUTE ] array (
  'type' => 'module',
  'module' => 
  array (
    0 => '',
    1 => NULL,
    2 => NULL,
  ),
)
[ info ] [ HEADER ] array (
  'host' => 'www.web.com',
  'connection' => 'keep-alive',
  'cache-control' => 'max-age=0',
  'upgrade-insecure-requests' => '1',
  'user-agent' => 'Mozilla/5.0 (Windows NT 10.0; WOW64) AppleWebKit/537.36 (KHTML, like Gecko) Chrome/53.0.2785.116 Safari/537.36',
  'accept' => 'text/html,application/xhtml+xml,application/xml;q=0.9,image/webp,*/*;q=0.8',
  'accept-encoding' => 'gzip, deflate, sdch',
  'accept-language' => 'zh-CN,zh;q=0.8',
  'cookie' => 'pgv_pvi=7131442176; pgv_si=s8194427904; think_var=zh-cn; thinkphp_show_page_trace=0|1',
)
[ info ] [ PARAM ] array (
)
[ info ] [ LANG ] D:\WWW\web\thinkphp\lang\zh-cn.php
[ info ] [ LOG ] INIT File

---------------------------------------------------------------
[ 2016-09-24T19:23:27+08:00 ] 127.0.0.1 127.0.0.1 GET /
[ log ] www.web.com/ [运行时间：0.065627s][吞吐率：15.24req/s] [内存消耗：1,348.87kb] [文件加载：43]
[ info ] [ ROUTE ] array (
  'type' => 'module',
  'module' => 
  array (
    0 => '',
    1 => NULL,
    2 => NULL,
  ),
)
[ info ] [ HEADER ] array (
  'host' => 'www.web.com',
  'connection' => 'keep-alive',
  'cache-control' => 'max-age=0',
  'upgrade-insecure-requests' => '1',
  'user-agent' => 'Mozilla/5.0 (Windows NT 10.0; WOW64) AppleWebKit/537.36 (KHTML, like Gecko) Chrome/53.0.2785.116 Safari/537.36',
  'accept' => 'text/html,application/xhtml+xml,application/xml;q=0.9,image/webp,*/*;q=0.8',
  'accept-encoding' => 'gzip, deflate, sdch',
  'accept-language' => 'zh-CN,zh;q=0.8',
  'cookie' => 'pgv_pvi=7131442176; pgv_si=s8194427904; think_var=zh-cn; thinkphp_show_page_trace=0|1',
)
[ info ] [ PARAM ] array (
)
[ info ] [ LANG ] D:\WWW\web\thinkphp\lang\zh-cn.php
[ info ] [ LOG ] INIT File

---------------------------------------------------------------
[ 2016-09-24T19:23:28+08:00 ] 127.0.0.1 127.0.0.1 GET /
[ log ] www.web.com/ [运行时间：0.037259s][吞吐率：26.84req/s] [内存消耗：1,348.87kb] [文件加载：43]
[ info ] [ ROUTE ] array (
  'type' => 'module',
  'module' => 
  array (
    0 => '',
    1 => NULL,
    2 => NULL,
  ),
)
[ info ] [ HEADER ] array (
  'host' => 'www.web.com',
  'connection' => 'keep-alive',
  'cache-control' => 'max-age=0',
  'upgrade-insecure-requests' => '1',
  'user-agent' => 'Mozilla/5.0 (Windows NT 10.0; WOW64) AppleWebKit/537.36 (KHTML, like Gecko) Chrome/53.0.2785.116 Safari/537.36',
  'accept' => 'text/html,application/xhtml+xml,application/xml;q=0.9,image/webp,*/*;q=0.8',
  'accept-encoding' => 'gzip, deflate, sdch',
  'accept-language' => 'zh-CN,zh;q=0.8',
  'cookie' => 'pgv_pvi=7131442176; pgv_si=s8194427904; think_var=zh-cn; thinkphp_show_page_trace=0|1',
)
[ info ] [ PARAM ] array (
)
[ info ] [ LANG ] D:\WWW\web\thinkphp\lang\zh-cn.php
[ info ] [ LOG ] INIT File

---------------------------------------------------------------
[ 2016-09-24T19:23:28+08:00 ] 127.0.0.1 127.0.0.1 GET /
[ log ] www.web.com/ [运行时间：0.040492s][吞吐率：24.70req/s] [内存消耗：1,348.87kb] [文件加载：43]
[ info ] [ ROUTE ] array (
  'type' => 'module',
  'module' => 
  array (
    0 => '',
    1 => NULL,
    2 => NULL,
  ),
)
[ info ] [ HEADER ] array (
  'host' => 'www.web.com',
  'connection' => 'keep-alive',
  'cache-control' => 'max-age=0',
  'upgrade-insecure-requests' => '1',
  'user-agent' => 'Mozilla/5.0 (Windows NT 10.0; WOW64) AppleWebKit/537.36 (KHTML, like Gecko) Chrome/53.0.2785.116 Safari/537.36',
  'accept' => 'text/html,application/xhtml+xml,application/xml;q=0.9,image/webp,*/*;q=0.8',
  'accept-encoding' => 'gzip, deflate, sdch',
  'accept-language' => 'zh-CN,zh;q=0.8',
  'cookie' => 'pgv_pvi=7131442176; pgv_si=s8194427904; think_var=zh-cn; thinkphp_show_page_trace=0|1',
)
[ info ] [ PARAM ] array (
)
[ info ] [ LANG ] D:\WWW\web\thinkphp\lang\zh-cn.php
[ info ] [ LOG ] INIT File

---------------------------------------------------------------
[ 2016-09-24T19:23:42+08:00 ] 127.0.0.1 127.0.0.1 GET /
[ log ] www.web.com/ [运行时间：0.038531s][吞吐率：25.95req/s] [内存消耗：1,348.87kb] [文件加载：43]
[ info ] [ ROUTE ] array (
  'type' => 'module',
  'module' => 
  array (
    0 => '',
    1 => NULL,
    2 => NULL,
  ),
)
[ info ] [ HEADER ] array (
  'host' => 'www.web.com',
  'connection' => 'keep-alive',
  'cache-control' => 'max-age=0',
  'upgrade-insecure-requests' => '1',
  'user-agent' => 'Mozilla/5.0 (Windows NT 10.0; WOW64) AppleWebKit/537.36 (KHTML, like Gecko) Chrome/53.0.2785.116 Safari/537.36',
  'accept' => 'text/html,application/xhtml+xml,application/xml;q=0.9,image/webp,*/*;q=0.8',
  'accept-encoding' => 'gzip, deflate, sdch',
  'accept-language' => 'zh-CN,zh;q=0.8',
  'cookie' => 'pgv_pvi=7131442176; pgv_si=s8194427904; think_var=zh-cn; thinkphp_show_page_trace=0|1',
)
[ info ] [ PARAM ] array (
)
[ info ] [ LANG ] D:\WWW\web\thinkphp\lang\zh-cn.php
[ info ] [ LOG ] INIT File

---------------------------------------------------------------
[ 2016-09-24T19:23:43+08:00 ] 127.0.0.1 127.0.0.1 GET /
[ log ] www.web.com/ [运行时间：0.046175s][吞吐率：21.66req/s] [内存消耗：1,348.87kb] [文件加载：43]
[ info ] [ ROUTE ] array (
  'type' => 'module',
  'module' => 
  array (
    0 => '',
    1 => NULL,
    2 => NULL,
  ),
)
[ info ] [ HEADER ] array (
  'host' => 'www.web.com',
  'connection' => 'keep-alive',
  'cache-control' => 'max-age=0',
  'upgrade-insecure-requests' => '1',
  'user-agent' => 'Mozilla/5.0 (Windows NT 10.0; WOW64) AppleWebKit/537.36 (KHTML, like Gecko) Chrome/53.0.2785.116 Safari/537.36',
  'accept' => 'text/html,application/xhtml+xml,application/xml;q=0.9,image/webp,*/*;q=0.8',
  'accept-encoding' => 'gzip, deflate, sdch',
  'accept-language' => 'zh-CN,zh;q=0.8',
  'cookie' => 'pgv_pvi=7131442176; pgv_si=s8194427904; think_var=zh-cn; thinkphp_show_page_trace=0|1',
)
[ info ] [ PARAM ] array (
)
[ info ] [ LANG ] D:\WWW\web\thinkphp\lang\zh-cn.php
[ info ] [ LOG ] INIT File

---------------------------------------------------------------
[ 2016-09-24T19:23:43+08:00 ] 127.0.0.1 127.0.0.1 GET /
[ log ] www.web.com/ [运行时间：0.032707s][吞吐率：30.57req/s] [内存消耗：1,348.87kb] [文件加载：43]
[ info ] [ ROUTE ] array (
  'type' => 'module',
  'module' => 
  array (
    0 => '',
    1 => NULL,
    2 => NULL,
  ),
)
[ info ] [ HEADER ] array (
  'host' => 'www.web.com',
  'connection' => 'keep-alive',
  'cache-control' => 'max-age=0',
  'upgrade-insecure-requests' => '1',
  'user-agent' => 'Mozilla/5.0 (Windows NT 10.0; WOW64) AppleWebKit/537.36 (KHTML, like Gecko) Chrome/53.0.2785.116 Safari/537.36',
  'accept' => 'text/html,application/xhtml+xml,application/xml;q=0.9,image/webp,*/*;q=0.8',
  'accept-encoding' => 'gzip, deflate, sdch',
  'accept-language' => 'zh-CN,zh;q=0.8',
  'cookie' => 'pgv_pvi=7131442176; pgv_si=s8194427904; think_var=zh-cn; thinkphp_show_page_trace=0|1',
)
[ info ] [ PARAM ] array (
)
[ info ] [ LANG ] D:\WWW\web\thinkphp\lang\zh-cn.php
[ info ] [ LOG ] INIT File

---------------------------------------------------------------
[ 2016-09-24T19:23:44+08:00 ] 127.0.0.1 127.0.0.1 GET /
[ log ] www.web.com/ [运行时间：0.039122s][吞吐率：25.56req/s] [内存消耗：1,348.87kb] [文件加载：43]
[ info ] [ ROUTE ] array (
  'type' => 'module',
  'module' => 
  array (
    0 => '',
    1 => NULL,
    2 => NULL,
  ),
)
[ info ] [ HEADER ] array (
  'host' => 'www.web.com',
  'connection' => 'keep-alive',
  'cache-control' => 'max-age=0',
  'upgrade-insecure-requests' => '1',
  'user-agent' => 'Mozilla/5.0 (Windows NT 10.0; WOW64) AppleWebKit/537.36 (KHTML, like Gecko) Chrome/53.0.2785.116 Safari/537.36',
  'accept' => 'text/html,application/xhtml+xml,application/xml;q=0.9,image/webp,*/*;q=0.8',
  'accept-encoding' => 'gzip, deflate, sdch',
  'accept-language' => 'zh-CN,zh;q=0.8',
  'cookie' => 'pgv_pvi=7131442176; pgv_si=s8194427904; think_var=zh-cn; thinkphp_show_page_trace=0|1',
)
[ info ] [ PARAM ] array (
)
[ info ] [ LANG ] D:\WWW\web\thinkphp\lang\zh-cn.php
[ info ] [ LOG ] INIT File

---------------------------------------------------------------
[ 2016-09-24T19:23:44+08:00 ] 127.0.0.1 127.0.0.1 GET /
[ log ] www.web.com/ [运行时间：0.032444s][吞吐率：30.82req/s] [内存消耗：1,348.87kb] [文件加载：43]
[ info ] [ ROUTE ] array (
  'type' => 'module',
  'module' => 
  array (
    0 => '',
    1 => NULL,
    2 => NULL,
  ),
)
[ info ] [ HEADER ] array (
  'host' => 'www.web.com',
  'connection' => 'keep-alive',
  'cache-control' => 'max-age=0',
  'upgrade-insecure-requests' => '1',
  'user-agent' => 'Mozilla/5.0 (Windows NT 10.0; WOW64) AppleWebKit/537.36 (KHTML, like Gecko) Chrome/53.0.2785.116 Safari/537.36',
  'accept' => 'text/html,application/xhtml+xml,application/xml;q=0.9,image/webp,*/*;q=0.8',
  'accept-encoding' => 'gzip, deflate, sdch',
  'accept-language' => 'zh-CN,zh;q=0.8',
  'cookie' => 'pgv_pvi=7131442176; pgv_si=s8194427904; think_var=zh-cn; thinkphp_show_page_trace=0|1',
)
[ info ] [ PARAM ] array (
)
[ info ] [ LANG ] D:\WWW\web\thinkphp\lang\zh-cn.php
[ info ] [ LOG ] INIT File

---------------------------------------------------------------
[ 2016-09-24T19:23:44+08:00 ] 127.0.0.1 127.0.0.1 GET /
[ log ] www.web.com/ [运行时间：0.055334s][吞吐率：18.07req/s] [内存消耗：1,348.87kb] [文件加载：43]
[ info ] [ ROUTE ] array (
  'type' => 'module',
  'module' => 
  array (
    0 => '',
    1 => NULL,
    2 => NULL,
  ),
)
[ info ] [ HEADER ] array (
  'host' => 'www.web.com',
  'connection' => 'keep-alive',
  'cache-control' => 'max-age=0',
  'upgrade-insecure-requests' => '1',
  'user-agent' => 'Mozilla/5.0 (Windows NT 10.0; WOW64) AppleWebKit/537.36 (KHTML, like Gecko) Chrome/53.0.2785.116 Safari/537.36',
  'accept' => 'text/html,application/xhtml+xml,application/xml;q=0.9,image/webp,*/*;q=0.8',
  'accept-encoding' => 'gzip, deflate, sdch',
  'accept-language' => 'zh-CN,zh;q=0.8',
  'cookie' => 'pgv_pvi=7131442176; pgv_si=s8194427904; think_var=zh-cn; thinkphp_show_page_trace=0|1',
)
[ info ] [ PARAM ] array (
)
[ info ] [ LANG ] D:\WWW\web\thinkphp\lang\zh-cn.php
[ info ] [ LOG ] INIT File

---------------------------------------------------------------
[ 2016-09-24T19:23:45+08:00 ] 127.0.0.1 127.0.0.1 GET /
[ log ] www.web.com/ [运行时间：0.030553s][吞吐率：32.73req/s] [内存消耗：1,348.87kb] [文件加载：43]
[ info ] [ ROUTE ] array (
  'type' => 'module',
  'module' => 
  array (
    0 => '',
    1 => NULL,
    2 => NULL,
  ),
)
[ info ] [ HEADER ] array (
  'host' => 'www.web.com',
  'connection' => 'keep-alive',
  'cache-control' => 'max-age=0',
  'upgrade-insecure-requests' => '1',
  'user-agent' => 'Mozilla/5.0 (Windows NT 10.0; WOW64) AppleWebKit/537.36 (KHTML, like Gecko) Chrome/53.0.2785.116 Safari/537.36',
  'accept' => 'text/html,application/xhtml+xml,application/xml;q=0.9,image/webp,*/*;q=0.8',
  'accept-encoding' => 'gzip, deflate, sdch',
  'accept-language' => 'zh-CN,zh;q=0.8',
  'cookie' => 'pgv_pvi=7131442176; pgv_si=s8194427904; think_var=zh-cn; thinkphp_show_page_trace=0|1',
)
[ info ] [ PARAM ] array (
)
[ info ] [ LANG ] D:\WWW\web\thinkphp\lang\zh-cn.php
[ info ] [ LOG ] INIT File

---------------------------------------------------------------
[ 2016-09-24T19:24:12+08:00 ] 127.0.0.1 127.0.0.1 GET /
[ log ] www.web.com/ [运行时间：0.067747s][吞吐率：14.76req/s] [内存消耗：1,348.87kb] [文件加载：43]
[ info ] [ ROUTE ] array (
  'type' => 'module',
  'module' => 
  array (
    0 => '',
    1 => NULL,
    2 => NULL,
  ),
)
[ info ] [ HEADER ] array (
  'host' => 'www.web.com',
  'connection' => 'keep-alive',
  'cache-control' => 'max-age=0',
  'upgrade-insecure-requests' => '1',
  'user-agent' => 'Mozilla/5.0 (Windows NT 10.0; WOW64) AppleWebKit/537.36 (KHTML, like Gecko) Chrome/53.0.2785.116 Safari/537.36',
  'accept' => 'text/html,application/xhtml+xml,application/xml;q=0.9,image/webp,*/*;q=0.8',
  'accept-encoding' => 'gzip, deflate, sdch',
  'accept-language' => 'zh-CN,zh;q=0.8',
  'cookie' => 'pgv_pvi=7131442176; pgv_si=s8194427904; think_var=zh-cn; thinkphp_show_page_trace=0|2',
)
[ info ] [ PARAM ] array (
)
[ info ] [ LANG ] D:\WWW\web\thinkphp\lang\zh-cn.php
[ info ] [ LOG ] INIT File

---------------------------------------------------------------
[ 2016-09-24T19:24:12+08:00 ] 127.0.0.1 127.0.0.1 GET /
[ log ] www.web.com/ [运行时间：0.036123s][吞吐率：27.68req/s] [内存消耗：1,348.87kb] [文件加载：43]
[ info ] [ ROUTE ] array (
  'type' => 'module',
  'module' => 
  array (
    0 => '',
    1 => NULL,
    2 => NULL,
  ),
)
[ info ] [ HEADER ] array (
  'host' => 'www.web.com',
  'connection' => 'keep-alive',
  'cache-control' => 'max-age=0',
  'upgrade-insecure-requests' => '1',
  'user-agent' => 'Mozilla/5.0 (Windows NT 10.0; WOW64) AppleWebKit/537.36 (KHTML, like Gecko) Chrome/53.0.2785.116 Safari/537.36',
  'accept' => 'text/html,application/xhtml+xml,application/xml;q=0.9,image/webp,*/*;q=0.8',
  'accept-encoding' => 'gzip, deflate, sdch',
  'accept-language' => 'zh-CN,zh;q=0.8',
  'cookie' => 'pgv_pvi=7131442176; pgv_si=s8194427904; think_var=zh-cn; thinkphp_show_page_trace=0|2',
)
[ info ] [ PARAM ] array (
)
[ info ] [ LANG ] D:\WWW\web\thinkphp\lang\zh-cn.php
[ info ] [ LOG ] INIT File

---------------------------------------------------------------
[ 2016-09-24T19:24:13+08:00 ] 127.0.0.1 127.0.0.1 GET /
[ log ] www.web.com/ [运行时间：0.028114s][吞吐率：35.57req/s] [内存消耗：1,348.87kb] [文件加载：43]
[ info ] [ ROUTE ] array (
  'type' => 'module',
  'module' => 
  array (
    0 => '',
    1 => NULL,
    2 => NULL,
  ),
)
[ info ] [ HEADER ] array (
  'host' => 'www.web.com',
  'connection' => 'keep-alive',
  'cache-control' => 'max-age=0',
  'upgrade-insecure-requests' => '1',
  'user-agent' => 'Mozilla/5.0 (Windows NT 10.0; WOW64) AppleWebKit/537.36 (KHTML, like Gecko) Chrome/53.0.2785.116 Safari/537.36',
  'accept' => 'text/html,application/xhtml+xml,application/xml;q=0.9,image/webp,*/*;q=0.8',
  'accept-encoding' => 'gzip, deflate, sdch',
  'accept-language' => 'zh-CN,zh;q=0.8',
  'cookie' => 'pgv_pvi=7131442176; pgv_si=s8194427904; think_var=zh-cn; thinkphp_show_page_trace=0|2',
)
[ info ] [ PARAM ] array (
)
[ info ] [ LANG ] D:\WWW\web\thinkphp\lang\zh-cn.php
[ info ] [ LOG ] INIT File

---------------------------------------------------------------
[ 2016-09-24T19:24:13+08:00 ] 127.0.0.1 127.0.0.1 GET /
[ log ] www.web.com/ [运行时间：0.046420s][吞吐率：21.54req/s] [内存消耗：1,348.87kb] [文件加载：43]
[ info ] [ ROUTE ] array (
  'type' => 'module',
  'module' => 
  array (
    0 => '',
    1 => NULL,
    2 => NULL,
  ),
)
[ info ] [ HEADER ] array (
  'host' => 'www.web.com',
  'connection' => 'keep-alive',
  'cache-control' => 'max-age=0',
  'upgrade-insecure-requests' => '1',
  'user-agent' => 'Mozilla/5.0 (Windows NT 10.0; WOW64) AppleWebKit/537.36 (KHTML, like Gecko) Chrome/53.0.2785.116 Safari/537.36',
  'accept' => 'text/html,application/xhtml+xml,application/xml;q=0.9,image/webp,*/*;q=0.8',
  'accept-encoding' => 'gzip, deflate, sdch',
  'accept-language' => 'zh-CN,zh;q=0.8',
  'cookie' => 'pgv_pvi=7131442176; pgv_si=s8194427904; think_var=zh-cn; thinkphp_show_page_trace=0|2',
)
[ info ] [ PARAM ] array (
)
[ info ] [ LANG ] D:\WWW\web\thinkphp\lang\zh-cn.php
[ info ] [ LOG ] INIT File

---------------------------------------------------------------
[ 2016-09-24T19:24:13+08:00 ] 127.0.0.1 127.0.0.1 GET /
[ log ] www.web.com/ [运行时间：0.033783s][吞吐率：29.60req/s] [内存消耗：1,348.87kb] [文件加载：43]
[ info ] [ ROUTE ] array (
  'type' => 'module',
  'module' => 
  array (
    0 => '',
    1 => NULL,
    2 => NULL,
  ),
)
[ info ] [ HEADER ] array (
  'host' => 'www.web.com',
  'connection' => 'keep-alive',
  'cache-control' => 'max-age=0',
  'upgrade-insecure-requests' => '1',
  'user-agent' => 'Mozilla/5.0 (Windows NT 10.0; WOW64) AppleWebKit/537.36 (KHTML, like Gecko) Chrome/53.0.2785.116 Safari/537.36',
  'accept' => 'text/html,application/xhtml+xml,application/xml;q=0.9,image/webp,*/*;q=0.8',
  'accept-encoding' => 'gzip, deflate, sdch',
  'accept-language' => 'zh-CN,zh;q=0.8',
  'cookie' => 'pgv_pvi=7131442176; pgv_si=s8194427904; think_var=zh-cn; thinkphp_show_page_trace=0|2',
)
[ info ] [ PARAM ] array (
)
[ info ] [ LANG ] D:\WWW\web\thinkphp\lang\zh-cn.php
[ info ] [ LOG ] INIT File

---------------------------------------------------------------
[ 2016-09-24T19:24:22+08:00 ] 127.0.0.1 127.0.0.1 GET /
[ log ] www.web.com/ [运行时间：0.055420s][吞吐率：18.04req/s] [内存消耗：1,348.87kb] [文件加载：43]
[ info ] [ ROUTE ] array (
  'type' => 'module',
  'module' => 
  array (
    0 => '',
    1 => NULL,
    2 => NULL,
  ),
)
[ info ] [ HEADER ] array (
  'host' => 'www.web.com',
  'connection' => 'keep-alive',
  'cache-control' => 'max-age=0',
  'upgrade-insecure-requests' => '1',
  'user-agent' => 'Mozilla/5.0 (Windows NT 10.0; WOW64) AppleWebKit/537.36 (KHTML, like Gecko) Chrome/53.0.2785.116 Safari/537.36',
  'accept' => 'text/html,application/xhtml+xml,application/xml;q=0.9,image/webp,*/*;q=0.8',
  'accept-encoding' => 'gzip, deflate, sdch',
  'accept-language' => 'zh-CN,zh;q=0.8',
  'cookie' => 'pgv_pvi=7131442176; pgv_si=s8194427904; think_var=zh-cn; thinkphp_show_page_trace=0|2',
)
[ info ] [ PARAM ] array (
)
[ info ] [ LANG ] D:\WWW\web\thinkphp\lang\zh-cn.php
[ info ] [ LOG ] INIT File

---------------------------------------------------------------
[ 2016-09-24T19:24:23+08:00 ] 127.0.0.1 127.0.0.1 GET /
[ log ] www.web.com/ [运行时间：0.040478s][吞吐率：24.70req/s] [内存消耗：1,348.87kb] [文件加载：43]
[ info ] [ ROUTE ] array (
  'type' => 'module',
  'module' => 
  array (
    0 => '',
    1 => NULL,
    2 => NULL,
  ),
)
[ info ] [ HEADER ] array (
  'host' => 'www.web.com',
  'connection' => 'keep-alive',
  'cache-control' => 'max-age=0',
  'upgrade-insecure-requests' => '1',
  'user-agent' => 'Mozilla/5.0 (Windows NT 10.0; WOW64) AppleWebKit/537.36 (KHTML, like Gecko) Chrome/53.0.2785.116 Safari/537.36',
  'accept' => 'text/html,application/xhtml+xml,application/xml;q=0.9,image/webp,*/*;q=0.8',
  'accept-encoding' => 'gzip, deflate, sdch',
  'accept-language' => 'zh-CN,zh;q=0.8',
  'cookie' => 'pgv_pvi=7131442176; pgv_si=s8194427904; think_var=zh-cn; thinkphp_show_page_trace=0|2',
)
[ info ] [ PARAM ] array (
)
[ info ] [ LANG ] D:\WWW\web\thinkphp\lang\zh-cn.php
[ info ] [ LOG ] INIT File

---------------------------------------------------------------
[ 2016-09-24T19:24:41+08:00 ] 127.0.0.1 127.0.0.1 GET /
[ log ] www.web.com/ [运行时间：0.047846s][吞吐率：20.90req/s] [内存消耗：1,349.39kb] [文件加载：43]
[ info ] [ ROUTE ] array (
  'type' => 'module',
  'module' => 
  array (
    0 => '',
    1 => NULL,
    2 => NULL,
  ),
)
[ info ] [ HEADER ] array (
  'host' => 'www.web.com',
  'connection' => 'keep-alive',
  'cache-control' => 'max-age=0',
  'upgrade-insecure-requests' => '1',
  'user-agent' => 'Mozilla/5.0 (Windows NT 10.0; WOW64) AppleWebKit/537.36 (KHTML, like Gecko) Chrome/53.0.2785.116 Safari/537.36',
  'accept' => 'text/html,application/xhtml+xml,application/xml;q=0.9,image/webp,*/*;q=0.8',
  'accept-encoding' => 'gzip, deflate, sdch',
  'accept-language' => 'zh-CN,zh;q=0.8',
  'cookie' => 'pgv_pvi=7131442176; pgv_si=s8194427904; thinkphp_show_page_trace=0|2',
)
[ info ] [ PARAM ] array (
)
[ info ] [ LANG ] D:\WWW\web\thinkphp\lang\zh-cn.php
[ info ] [ LOG ] INIT File

---------------------------------------------------------------
[ 2016-09-24T19:24:42+08:00 ] 127.0.0.1 127.0.0.1 GET /
[ log ] www.web.com/ [运行时间：0.043212s][吞吐率：23.14req/s] [内存消耗：1,348.87kb] [文件加载：43]
[ info ] [ ROUTE ] array (
  'type' => 'module',
  'module' => 
  array (
    0 => '',
    1 => NULL,
    2 => NULL,
  ),
)
[ info ] [ HEADER ] array (
  'host' => 'www.web.com',
  'connection' => 'keep-alive',
  'cache-control' => 'max-age=0',
  'upgrade-insecure-requests' => '1',
  'user-agent' => 'Mozilla/5.0 (Windows NT 10.0; WOW64) AppleWebKit/537.36 (KHTML, like Gecko) Chrome/53.0.2785.116 Safari/537.36',
  'accept' => 'text/html,application/xhtml+xml,application/xml;q=0.9,image/webp,*/*;q=0.8',
  'accept-encoding' => 'gzip, deflate, sdch',
  'accept-language' => 'zh-CN,zh;q=0.8',
  'cookie' => 'pgv_pvi=7131442176; pgv_si=s8194427904; think_var=zh-cn; thinkphp_show_page_trace=0|2',
)
[ info ] [ PARAM ] array (
)
[ info ] [ LANG ] D:\WWW\web\thinkphp\lang\zh-cn.php
[ info ] [ LOG ] INIT File

---------------------------------------------------------------
[ 2016-09-24T19:24:42+08:00 ] 127.0.0.1 127.0.0.1 GET /
[ log ] www.web.com/ [运行时间：0.031772s][吞吐率：31.47req/s] [内存消耗：1,348.87kb] [文件加载：43]
[ info ] [ ROUTE ] array (
  'type' => 'module',
  'module' => 
  array (
    0 => '',
    1 => NULL,
    2 => NULL,
  ),
)
[ info ] [ HEADER ] array (
  'host' => 'www.web.com',
  'connection' => 'keep-alive',
  'cache-control' => 'max-age=0',
  'upgrade-insecure-requests' => '1',
  'user-agent' => 'Mozilla/5.0 (Windows NT 10.0; WOW64) AppleWebKit/537.36 (KHTML, like Gecko) Chrome/53.0.2785.116 Safari/537.36',
  'accept' => 'text/html,application/xhtml+xml,application/xml;q=0.9,image/webp,*/*;q=0.8',
  'accept-encoding' => 'gzip, deflate, sdch',
  'accept-language' => 'zh-CN,zh;q=0.8',
  'cookie' => 'pgv_pvi=7131442176; pgv_si=s8194427904; think_var=zh-cn; thinkphp_show_page_trace=0|2',
)
[ info ] [ PARAM ] array (
)
[ info ] [ LANG ] D:\WWW\web\thinkphp\lang\zh-cn.php
[ info ] [ LOG ] INIT File

---------------------------------------------------------------
[ 2016-09-24T19:25:16+08:00 ] 127.0.0.1 127.0.0.1 GET /
[ log ] www.web.com/ [运行时间：0.041914s][吞吐率：23.86req/s] [内存消耗：1,348.87kb] [文件加载：43]
[ info ] [ ROUTE ] array (
  'type' => 'module',
  'module' => 
  array (
    0 => '',
    1 => NULL,
    2 => NULL,
  ),
)
[ info ] [ HEADER ] array (
  'host' => 'www.web.com',
  'connection' => 'keep-alive',
  'cache-control' => 'max-age=0',
  'upgrade-insecure-requests' => '1',
  'user-agent' => 'Mozilla/5.0 (Windows NT 10.0; WOW64) AppleWebKit/537.36 (KHTML, like Gecko) Chrome/53.0.2785.116 Safari/537.36',
  'accept' => 'text/html,application/xhtml+xml,application/xml;q=0.9,image/webp,*/*;q=0.8',
  'accept-encoding' => 'gzip, deflate, sdch',
  'accept-language' => 'zh-CN,zh;q=0.8',
  'cookie' => 'pgv_pvi=7131442176; pgv_si=s8194427904; think_var=zh-cn; thinkphp_show_page_trace=0|2',
)
[ info ] [ PARAM ] array (
)
[ info ] [ LANG ] D:\WWW\web\thinkphp\lang\zh-cn.php
[ info ] [ LOG ] INIT File

---------------------------------------------------------------
[ 2016-09-24T19:25:16+08:00 ] 127.0.0.1 127.0.0.1 GET /
[ log ] www.web.com/ [运行时间：0.033305s][吞吐率：30.03req/s] [内存消耗：1,348.87kb] [文件加载：43]
[ info ] [ ROUTE ] array (
  'type' => 'module',
  'module' => 
  array (
    0 => '',
    1 => NULL,
    2 => NULL,
  ),
)
[ info ] [ HEADER ] array (
  'host' => 'www.web.com',
  'connection' => 'keep-alive',
  'cache-control' => 'max-age=0',
  'upgrade-insecure-requests' => '1',
  'user-agent' => 'Mozilla/5.0 (Windows NT 10.0; WOW64) AppleWebKit/537.36 (KHTML, like Gecko) Chrome/53.0.2785.116 Safari/537.36',
  'accept' => 'text/html,application/xhtml+xml,application/xml;q=0.9,image/webp,*/*;q=0.8',
  'accept-encoding' => 'gzip, deflate, sdch',
  'accept-language' => 'zh-CN,zh;q=0.8',
  'cookie' => 'pgv_pvi=7131442176; pgv_si=s8194427904; think_var=zh-cn; thinkphp_show_page_trace=0|2',
)
[ info ] [ PARAM ] array (
)
[ info ] [ LANG ] D:\WWW\web\thinkphp\lang\zh-cn.php
[ info ] [ LOG ] INIT File

---------------------------------------------------------------
[ 2016-09-24T19:25:17+08:00 ] 127.0.0.1 127.0.0.1 GET /
[ log ] www.web.com/ [运行时间：0.044121s][吞吐率：22.66req/s] [内存消耗：1,348.87kb] [文件加载：43]
[ info ] [ ROUTE ] array (
  'type' => 'module',
  'module' => 
  array (
    0 => '',
    1 => NULL,
    2 => NULL,
  ),
)
[ info ] [ HEADER ] array (
  'host' => 'www.web.com',
  'connection' => 'keep-alive',
  'cache-control' => 'max-age=0',
  'upgrade-insecure-requests' => '1',
  'user-agent' => 'Mozilla/5.0 (Windows NT 10.0; WOW64) AppleWebKit/537.36 (KHTML, like Gecko) Chrome/53.0.2785.116 Safari/537.36',
  'accept' => 'text/html,application/xhtml+xml,application/xml;q=0.9,image/webp,*/*;q=0.8',
  'accept-encoding' => 'gzip, deflate, sdch',
  'accept-language' => 'zh-CN,zh;q=0.8',
  'cookie' => 'pgv_pvi=7131442176; pgv_si=s8194427904; think_var=zh-cn; thinkphp_show_page_trace=0|2',
)
[ info ] [ PARAM ] array (
)
[ info ] [ LANG ] D:\WWW\web\thinkphp\lang\zh-cn.php
[ info ] [ LOG ] INIT File

---------------------------------------------------------------
[ 2016-09-24T19:25:17+08:00 ] 127.0.0.1 127.0.0.1 GET /
[ log ] www.web.com/ [运行时间：0.036328s][吞吐率：27.53req/s] [内存消耗：1,348.87kb] [文件加载：43]
[ info ] [ ROUTE ] array (
  'type' => 'module',
  'module' => 
  array (
    0 => '',
    1 => NULL,
    2 => NULL,
  ),
)
[ info ] [ HEADER ] array (
  'host' => 'www.web.com',
  'connection' => 'keep-alive',
  'cache-control' => 'max-age=0',
  'upgrade-insecure-requests' => '1',
  'user-agent' => 'Mozilla/5.0 (Windows NT 10.0; WOW64) AppleWebKit/537.36 (KHTML, like Gecko) Chrome/53.0.2785.116 Safari/537.36',
  'accept' => 'text/html,application/xhtml+xml,application/xml;q=0.9,image/webp,*/*;q=0.8',
  'accept-encoding' => 'gzip, deflate, sdch',
  'accept-language' => 'zh-CN,zh;q=0.8',
  'cookie' => 'pgv_pvi=7131442176; pgv_si=s8194427904; think_var=zh-cn; thinkphp_show_page_trace=0|2',
)
[ info ] [ PARAM ] array (
)
[ info ] [ LANG ] D:\WWW\web\thinkphp\lang\zh-cn.php
[ info ] [ LOG ] INIT File

---------------------------------------------------------------
[ 2016-09-24T19:25:25+08:00 ] 127.0.0.1 127.0.0.1 GET /index.php/hone
[ log ] www.web.com/index.php/hone [运行时间：0.042936s][吞吐率：23.29req/s] [内存消耗：1,348.37kb] [文件加载：43]
[ info ] [ ROUTE ] array (
  'type' => 'module',
  'module' => 
  array (
    0 => 'hone',
    1 => NULL,
    2 => NULL,
  ),
)
[ info ] [ HEADER ] array (
  'host' => 'www.web.com',
  'connection' => 'keep-alive',
  'upgrade-insecure-requests' => '1',
  'user-agent' => 'Mozilla/5.0 (Windows NT 10.0; WOW64) AppleWebKit/537.36 (KHTML, like Gecko) Chrome/53.0.2785.116 Safari/537.36',
  'accept' => 'text/html,application/xhtml+xml,application/xml;q=0.9,image/webp,*/*;q=0.8',
  'accept-encoding' => 'gzip, deflate, sdch',
  'accept-language' => 'zh-CN,zh;q=0.8',
  'cookie' => 'thinkphp_show_page_trace=0|1; pgv_pvi=7131442176; pgv_si=s8194427904; think_var=zh-cn; thinkphp_show_page_trace=0|2',
)
[ info ] [ PARAM ] array (
)
[ info ] [ LANG ] D:\WWW\web\thinkphp\lang\zh-cn.php
[ info ] [ LOG ] INIT File

---------------------------------------------------------------
[ 2016-09-24T19:25:29+08:00 ] 127.0.0.1 127.0.0.1 GET /index.php/home
[ log ] www.web.com/index.php/home [运行时间：0.033316s][吞吐率：30.02req/s] [内存消耗：1,273.46kb] [文件加载：38]
[ info ] [ ROUTE ] array (
  'type' => 'module',
  'module' => 
  array (
    0 => 'home',
    1 => NULL,
    2 => NULL,
  ),
)
[ info ] [ HEADER ] array (
  'host' => 'www.web.com',
  'connection' => 'keep-alive',
  'upgrade-insecure-requests' => '1',
  'user-agent' => 'Mozilla/5.0 (Windows NT 10.0; WOW64) AppleWebKit/537.36 (KHTML, like Gecko) Chrome/53.0.2785.116 Safari/537.36',
  'accept' => 'text/html,application/xhtml+xml,application/xml;q=0.9,image/webp,*/*;q=0.8',
  'accept-encoding' => 'gzip, deflate, sdch',
  'accept-language' => 'zh-CN,zh;q=0.8',
  'cookie' => 'thinkphp_show_page_trace=0|1; pgv_pvi=7131442176; pgv_si=s8194427904; think_var=zh-cn; thinkphp_show_page_trace=0|2',
)
[ info ] [ PARAM ] array (
)
[ info ] [ RUN ] Method [ <user> public method index ] {
  @@ D:\WWW\web\application\Home\controller\Index.php 6 - 9
}

[ info ] [ LOG ] INIT File

---------------------------------------------------------------
[ 2016-09-24T19:27:24+08:00 ] 127.0.0.1 127.0.0.1 GET /index.php/home
[ log ] www.web.com/index.php/home [运行时间：0.037886s][吞吐率：26.39req/s] [内存消耗：1,273.54kb] [文件加载：38]
[ info ] [ ROUTE ] array (
  'type' => 'module',
  'module' => 
  array (
    0 => 'home',
    1 => NULL,
    2 => NULL,
  ),
)
[ info ] [ HEADER ] array (
  'host' => 'www.web.com',
  'connection' => 'keep-alive',
  'cache-control' => 'max-age=0',
  'upgrade-insecure-requests' => '1',
  'user-agent' => 'Mozilla/5.0 (Windows NT 10.0; WOW64) AppleWebKit/537.36 (KHTML, like Gecko) Chrome/53.0.2785.116 Safari/537.36',
  'accept' => 'text/html,application/xhtml+xml,application/xml;q=0.9,image/webp,*/*;q=0.8',
  'accept-encoding' => 'gzip, deflate, sdch',
  'accept-language' => 'zh-CN,zh;q=0.8',
  'cookie' => 'thinkphp_show_page_trace=0|1; pgv_pvi=7131442176; pgv_si=s8194427904; think_var=zh-cn; thinkphp_show_page_trace=0|2',
)
[ info ] [ PARAM ] array (
)
[ info ] [ RUN ] Method [ <user> public method index ] {
  @@ D:\WWW\web\application\Home\controller\Index.php 6 - 9
}

[ info ] [ LOG ] INIT File

---------------------------------------------------------------
[ 2016-09-24T19:27:25+08:00 ] 127.0.0.1 127.0.0.1 GET /index.php/home
[ log ] www.web.com/index.php/home [运行时间：0.029824s][吞吐率：33.53req/s] [内存消耗：1,273.54kb] [文件加载：38]
[ info ] [ ROUTE ] array (
  'type' => 'module',
  'module' => 
  array (
    0 => 'home',
    1 => NULL,
    2 => NULL,
  ),
)
[ info ] [ HEADER ] array (
  'host' => 'www.web.com',
  'connection' => 'keep-alive',
  'cache-control' => 'max-age=0',
  'upgrade-insecure-requests' => '1',
  'user-agent' => 'Mozilla/5.0 (Windows NT 10.0; WOW64) AppleWebKit/537.36 (KHTML, like Gecko) Chrome/53.0.2785.116 Safari/537.36',
  'accept' => 'text/html,application/xhtml+xml,application/xml;q=0.9,image/webp,*/*;q=0.8',
  'accept-encoding' => 'gzip, deflate, sdch',
  'accept-language' => 'zh-CN,zh;q=0.8',
  'cookie' => 'thinkphp_show_page_trace=0|1; pgv_pvi=7131442176; pgv_si=s8194427904; think_var=zh-cn; thinkphp_show_page_trace=0|2',
)
[ info ] [ PARAM ] array (
)
[ info ] [ RUN ] Method [ <user> public method index ] {
  @@ D:\WWW\web\application\Home\controller\Index.php 6 - 9
}

[ info ] [ LOG ] INIT File

---------------------------------------------------------------
[ 2016-09-24T19:27:25+08:00 ] 127.0.0.1 127.0.0.1 GET /index.php/home
[ log ] www.web.com/index.php/home [运行时间：0.020893s][吞吐率：47.86req/s] [内存消耗：1,273.54kb] [文件加载：38]
[ info ] [ ROUTE ] array (
  'type' => 'module',
  'module' => 
  array (
    0 => 'home',
    1 => NULL,
    2 => NULL,
  ),
)
[ info ] [ HEADER ] array (
  'host' => 'www.web.com',
  'connection' => 'keep-alive',
  'cache-control' => 'max-age=0',
  'upgrade-insecure-requests' => '1',
  'user-agent' => 'Mozilla/5.0 (Windows NT 10.0; WOW64) AppleWebKit/537.36 (KHTML, like Gecko) Chrome/53.0.2785.116 Safari/537.36',
  'accept' => 'text/html,application/xhtml+xml,application/xml;q=0.9,image/webp,*/*;q=0.8',
  'accept-encoding' => 'gzip, deflate, sdch',
  'accept-language' => 'zh-CN,zh;q=0.8',
  'cookie' => 'thinkphp_show_page_trace=0|1; pgv_pvi=7131442176; pgv_si=s8194427904; think_var=zh-cn; thinkphp_show_page_trace=0|2',
)
[ info ] [ PARAM ] array (
)
[ info ] [ RUN ] Method [ <user> public method index ] {
  @@ D:\WWW\web\application\Home\controller\Index.php 6 - 9
}

[ info ] [ LOG ] INIT File

---------------------------------------------------------------
[ 2016-09-24T19:27:26+08:00 ] 127.0.0.1 127.0.0.1 GET /index.php/home
[ log ] www.web.com/index.php/home [运行时间：0.024210s][吞吐率：41.30req/s] [内存消耗：1,273.54kb] [文件加载：38]
[ info ] [ ROUTE ] array (
  'type' => 'module',
  'module' => 
  array (
    0 => 'home',
    1 => NULL,
    2 => NULL,
  ),
)
[ info ] [ HEADER ] array (
  'host' => 'www.web.com',
  'connection' => 'keep-alive',
  'cache-control' => 'max-age=0',
  'upgrade-insecure-requests' => '1',
  'user-agent' => 'Mozilla/5.0 (Windows NT 10.0; WOW64) AppleWebKit/537.36 (KHTML, like Gecko) Chrome/53.0.2785.116 Safari/537.36',
  'accept' => 'text/html,application/xhtml+xml,application/xml;q=0.9,image/webp,*/*;q=0.8',
  'accept-encoding' => 'gzip, deflate, sdch',
  'accept-language' => 'zh-CN,zh;q=0.8',
  'cookie' => 'thinkphp_show_page_trace=0|1; pgv_pvi=7131442176; pgv_si=s8194427904; think_var=zh-cn; thinkphp_show_page_trace=0|2',
)
[ info ] [ PARAM ] array (
)
[ info ] [ RUN ] Method [ <user> public method index ] {
  @@ D:\WWW\web\application\Home\controller\Index.php 6 - 9
}

[ info ] [ LOG ] INIT File

---------------------------------------------------------------
[ 2016-09-24T19:27:26+08:00 ] 127.0.0.1 127.0.0.1 GET /index.php/home
[ log ] www.web.com/index.php/home [运行时间：0.023337s][吞吐率：42.85req/s] [内存消耗：1,273.54kb] [文件加载：38]
[ info ] [ ROUTE ] array (
  'type' => 'module',
  'module' => 
  array (
    0 => 'home',
    1 => NULL,
    2 => NULL,
  ),
)
[ info ] [ HEADER ] array (
  'host' => 'www.web.com',
  'connection' => 'keep-alive',
  'cache-control' => 'max-age=0',
  'upgrade-insecure-requests' => '1',
  'user-agent' => 'Mozilla/5.0 (Windows NT 10.0; WOW64) AppleWebKit/537.36 (KHTML, like Gecko) Chrome/53.0.2785.116 Safari/537.36',
  'accept' => 'text/html,application/xhtml+xml,application/xml;q=0.9,image/webp,*/*;q=0.8',
  'accept-encoding' => 'gzip, deflate, sdch',
  'accept-language' => 'zh-CN,zh;q=0.8',
  'cookie' => 'thinkphp_show_page_trace=0|1; pgv_pvi=7131442176; pgv_si=s8194427904; think_var=zh-cn; thinkphp_show_page_trace=0|2',
)
[ info ] [ PARAM ] array (
)
[ info ] [ RUN ] Method [ <user> public method index ] {
  @@ D:\WWW\web\application\Home\controller\Index.php 6 - 9
}

[ info ] [ LOG ] INIT File

---------------------------------------------------------------
[ 2016-09-24T19:27:31+08:00 ] 127.0.0.1 127.0.0.1 GET /home
[ log ] www.web.com/home [运行时间：0.026831s][吞吐率：37.27req/s] [内存消耗：1,273.33kb] [文件加载：38]
[ info ] [ ROUTE ] array (
  'type' => 'module',
  'module' => 
  array (
    0 => 'home',
    1 => NULL,
    2 => NULL,
  ),
)
[ info ] [ HEADER ] array (
  'host' => 'www.web.com',
  'connection' => 'keep-alive',
  'upgrade-insecure-requests' => '1',
  'user-agent' => 'Mozilla/5.0 (Windows NT 10.0; WOW64) AppleWebKit/537.36 (KHTML, like Gecko) Chrome/53.0.2785.116 Safari/537.36',
  'accept' => 'text/html,application/xhtml+xml,application/xml;q=0.9,image/webp,*/*;q=0.8',
  'accept-encoding' => 'gzip, deflate, sdch',
  'accept-language' => 'zh-CN,zh;q=0.8',
  'cookie' => 'pgv_pvi=7131442176; pgv_si=s8194427904; think_var=zh-cn; thinkphp_show_page_trace=0|2',
)
[ info ] [ PARAM ] array (
)
[ info ] [ RUN ] Method [ <user> public method index ] {
  @@ D:\WWW\web\application\Home\controller\Index.php 6 - 9
}

[ info ] [ LOG ] INIT File

---------------------------------------------------------------
[ 2016-09-24T19:27:32+08:00 ] 127.0.0.1 127.0.0.1 GET /home
[ log ] www.web.com/home [运行时间：0.031877s][吞吐率：31.37req/s] [内存消耗：1,273.44kb] [文件加载：38]
[ info ] [ ROUTE ] array (
  'type' => 'module',
  'module' => 
  array (
    0 => 'home',
    1 => NULL,
    2 => NULL,
  ),
)
[ info ] [ HEADER ] array (
  'host' => 'www.web.com',
  'connection' => 'keep-alive',
  'cache-control' => 'max-age=0',
  'upgrade-insecure-requests' => '1',
  'user-agent' => 'Mozilla/5.0 (Windows NT 10.0; WOW64) AppleWebKit/537.36 (KHTML, like Gecko) Chrome/53.0.2785.116 Safari/537.36',
  'accept' => 'text/html,application/xhtml+xml,application/xml;q=0.9,image/webp,*/*;q=0.8',
  'accept-encoding' => 'gzip, deflate, sdch',
  'accept-language' => 'zh-CN,zh;q=0.8',
  'cookie' => 'pgv_pvi=7131442176; pgv_si=s8194427904; think_var=zh-cn; thinkphp_show_page_trace=0|2',
)
[ info ] [ PARAM ] array (
)
[ info ] [ RUN ] Method [ <user> public method index ] {
  @@ D:\WWW\web\application\Home\controller\Index.php 6 - 9
}

[ info ] [ LOG ] INIT File

---------------------------------------------------------------
[ 2016-09-24T19:27:33+08:00 ] 127.0.0.1 127.0.0.1 GET /home
[ log ] www.web.com/home [运行时间：0.025449s][吞吐率：39.29req/s] [内存消耗：1,273.44kb] [文件加载：38]
[ info ] [ ROUTE ] array (
  'type' => 'module',
  'module' => 
  array (
    0 => 'home',
    1 => NULL,
    2 => NULL,
  ),
)
[ info ] [ HEADER ] array (
  'host' => 'www.web.com',
  'connection' => 'keep-alive',
  'cache-control' => 'max-age=0',
  'upgrade-insecure-requests' => '1',
  'user-agent' => 'Mozilla/5.0 (Windows NT 10.0; WOW64) AppleWebKit/537.36 (KHTML, like Gecko) Chrome/53.0.2785.116 Safari/537.36',
  'accept' => 'text/html,application/xhtml+xml,application/xml;q=0.9,image/webp,*/*;q=0.8',
  'accept-encoding' => 'gzip, deflate, sdch',
  'accept-language' => 'zh-CN,zh;q=0.8',
  'cookie' => 'pgv_pvi=7131442176; pgv_si=s8194427904; think_var=zh-cn; thinkphp_show_page_trace=0|2',
)
[ info ] [ PARAM ] array (
)
[ info ] [ RUN ] Method [ <user> public method index ] {
  @@ D:\WWW\web\application\Home\controller\Index.php 6 - 9
}

[ info ] [ LOG ] INIT File

---------------------------------------------------------------
[ 2016-09-24T19:27:34+08:00 ] 127.0.0.1 127.0.0.1 GET /home
[ log ] www.web.com/home [运行时间：0.020812s][吞吐率：48.05req/s] [内存消耗：1,273.44kb] [文件加载：38]
[ info ] [ ROUTE ] array (
  'type' => 'module',
  'module' => 
  array (
    0 => 'home',
    1 => NULL,
    2 => NULL,
  ),
)
[ info ] [ HEADER ] array (
  'host' => 'www.web.com',
  'connection' => 'keep-alive',
  'cache-control' => 'max-age=0',
  'upgrade-insecure-requests' => '1',
  'user-agent' => 'Mozilla/5.0 (Windows NT 10.0; WOW64) AppleWebKit/537.36 (KHTML, like Gecko) Chrome/53.0.2785.116 Safari/537.36',
  'accept' => 'text/html,application/xhtml+xml,application/xml;q=0.9,image/webp,*/*;q=0.8',
  'accept-encoding' => 'gzip, deflate, sdch',
  'accept-language' => 'zh-CN,zh;q=0.8',
  'cookie' => 'pgv_pvi=7131442176; pgv_si=s8194427904; think_var=zh-cn; thinkphp_show_page_trace=0|2',
)
[ info ] [ PARAM ] array (
)
[ info ] [ RUN ] Method [ <user> public method index ] {
  @@ D:\WWW\web\application\Home\controller\Index.php 6 - 9
}

[ info ] [ LOG ] INIT File

---------------------------------------------------------------
[ 2016-09-24T19:27:34+08:00 ] 127.0.0.1 127.0.0.1 GET /home
[ log ] www.web.com/home [运行时间：0.027452s][吞吐率：36.43req/s] [内存消耗：1,273.44kb] [文件加载：38]
[ info ] [ ROUTE ] array (
  'type' => 'module',
  'module' => 
  array (
    0 => 'home',
    1 => NULL,
    2 => NULL,
  ),
)
[ info ] [ HEADER ] array (
  'host' => 'www.web.com',
  'connection' => 'keep-alive',
  'cache-control' => 'max-age=0',
  'upgrade-insecure-requests' => '1',
  'user-agent' => 'Mozilla/5.0 (Windows NT 10.0; WOW64) AppleWebKit/537.36 (KHTML, like Gecko) Chrome/53.0.2785.116 Safari/537.36',
  'accept' => 'text/html,application/xhtml+xml,application/xml;q=0.9,image/webp,*/*;q=0.8',
  'accept-encoding' => 'gzip, deflate, sdch',
  'accept-language' => 'zh-CN,zh;q=0.8',
  'cookie' => 'pgv_pvi=7131442176; pgv_si=s8194427904; think_var=zh-cn; thinkphp_show_page_trace=0|2',
)
[ info ] [ PARAM ] array (
)
[ info ] [ RUN ] Method [ <user> public method index ] {
  @@ D:\WWW\web\application\Home\controller\Index.php 6 - 9
}

[ info ] [ LOG ] INIT File

---------------------------------------------------------------
[ 2016-09-24T19:27:36+08:00 ] 127.0.0.1 127.0.0.1 GET /home
[ log ] www.web.com/home [运行时间：0.032069s][吞吐率：31.18req/s] [内存消耗：1,273.44kb] [文件加载：38]
[ info ] [ ROUTE ] array (
  'type' => 'module',
  'module' => 
  array (
    0 => 'home',
    1 => NULL,
    2 => NULL,
  ),
)
[ info ] [ HEADER ] array (
  'host' => 'www.web.com',
  'connection' => 'keep-alive',
  'cache-control' => 'max-age=0',
  'upgrade-insecure-requests' => '1',
  'user-agent' => 'Mozilla/5.0 (Windows NT 10.0; WOW64) AppleWebKit/537.36 (KHTML, like Gecko) Chrome/53.0.2785.116 Safari/537.36',
  'accept' => 'text/html,application/xhtml+xml,application/xml;q=0.9,image/webp,*/*;q=0.8',
  'accept-encoding' => 'gzip, deflate, sdch',
  'accept-language' => 'zh-CN,zh;q=0.8',
  'cookie' => 'pgv_pvi=7131442176; pgv_si=s8194427904; think_var=zh-cn; thinkphp_show_page_trace=0|2',
)
[ info ] [ PARAM ] array (
)
[ info ] [ RUN ] Method [ <user> public method index ] {
  @@ D:\WWW\web\application\Home\controller\Index.php 6 - 9
}

[ info ] [ LOG ] INIT File

---------------------------------------------------------------
[ 2016-09-24T19:28:29+08:00 ] 127.0.0.1 127.0.0.1 GET /admin
[ log ] www.web.com/admin [运行时间：0.028827s][吞吐率：34.69req/s] [内存消耗：1,273.25kb] [文件加载：38]
[ info ] [ ROUTE ] array (
  'type' => 'module',
  'module' => 
  array (
    0 => 'admin',
    1 => NULL,
    2 => NULL,
  ),
)
[ info ] [ HEADER ] array (
  'host' => 'www.web.com',
  'connection' => 'keep-alive',
  'upgrade-insecure-requests' => '1',
  'user-agent' => 'Mozilla/5.0 (Windows NT 10.0; WOW64) AppleWebKit/537.36 (KHTML, like Gecko) Chrome/53.0.2785.116 Safari/537.36',
  'accept' => 'text/html,application/xhtml+xml,application/xml;q=0.9,image/webp,*/*;q=0.8',
  'accept-encoding' => 'gzip, deflate, sdch',
  'accept-language' => 'zh-CN,zh;q=0.8',
  'cookie' => 'pgv_pvi=7131442176; pgv_si=s8194427904; think_var=zh-cn; thinkphp_show_page_trace=0|2',
)
[ info ] [ PARAM ] array (
)
[ info ] [ RUN ] Method [ <user> public method index ] {
  @@ D:\WWW\web\application\Admin\controller\Index.php 6 - 9
}

[ info ] [ LOG ] INIT File

---------------------------------------------------------------
[ 2016-09-24T19:28:36+08:00 ] 127.0.0.1 127.0.0.1 GET /admin
[ log ] www.web.com/admin [运行时间：0.043189s][吞吐率：23.15req/s] [内存消耗：1,273.43kb] [文件加载：38]
[ info ] [ ROUTE ] array (
  'type' => 'module',
  'module' => 
  array (
    0 => 'admin',
    1 => NULL,
    2 => NULL,
  ),
)
[ info ] [ HEADER ] array (
  'host' => 'www.web.com',
  'connection' => 'keep-alive',
  'cache-control' => 'max-age=0',
  'upgrade-insecure-requests' => '1',
  'user-agent' => 'Mozilla/5.0 (Windows NT 10.0; WOW64) AppleWebKit/537.36 (KHTML, like Gecko) Chrome/53.0.2785.116 Safari/537.36',
  'accept' => 'text/html,application/xhtml+xml,application/xml;q=0.9,image/webp,*/*;q=0.8',
  'accept-encoding' => 'gzip, deflate, sdch',
  'accept-language' => 'zh-CN,zh;q=0.8',
  'cookie' => 'pgv_pvi=7131442176; pgv_si=s8194427904; think_var=zh-cn; thinkphp_show_page_trace=0|2',
)
[ info ] [ PARAM ] array (
)
[ info ] [ RUN ] Method [ <user> public method index ] {
  @@ D:\WWW\web\application\Admin\controller\Index.php 6 - 9
}

[ info ] [ LOG ] INIT File

---------------------------------------------------------------
[ 2016-09-24T13:44:57+02:00 ] 127.0.0.1 127.0.0.1 GET /admin
[ log ] www.web.com/admin [运行时间：0.562190s][吞吐率：1.78req/s] [内存消耗：1,196.65kb] [文件加载：32]
[ info ] [ LANG ] D:\WWW\web\thinkphp\lang\zh-cn.php
[ info ] [ LANG ] D:\WWW\web\thinkphp\lang\zh-cn.php
[ info ] [ LOG ] INIT File
[ error ] [4]语法错误: unexpected ''default_controller'' (T_CONSTANT_ENCAPSED_STRING), expecting ']'[D:\WWW\web\application\config.php:67]

---------------------------------------------------------------
[ 2016-09-24T19:45:04+08:00 ] 127.0.0.1 127.0.0.1 GET /admin
[ log ] www.web.com/admin [运行时间：0.254774s][吞吐率：3.93req/s] [内存消耗：1,274.20kb] [文件加载：40]
[ info ] [ ROUTE ] array (
  'type' => 'module',
  'module' => 
  array (
    0 => 'admin',
    1 => NULL,
    2 => NULL,
  ),
)
[ info ] [ HEADER ] array (
  'host' => 'www.web.com',
  'connection' => 'keep-alive',
  'cache-control' => 'max-age=0',
  'upgrade-insecure-requests' => '1',
  'user-agent' => 'Mozilla/5.0 (Windows NT 10.0; WOW64) AppleWebKit/537.36 (KHTML, like Gecko) Chrome/53.0.2785.116 Safari/537.36',
  'accept' => 'text/html,application/xhtml+xml,application/xml;q=0.9,image/webp,*/*;q=0.8',
  'accept-encoding' => 'gzip, deflate, sdch',
  'accept-language' => 'zh-CN,zh;q=0.8',
  'cookie' => 'pgv_pvi=7131442176; pgv_si=s8194427904; think_var=zh-cn; thinkphp_show_page_trace=0|2',
)
[ info ] [ PARAM ] array (
)
[ info ] [ RUN ] Method [ <user> public method index ] {
  @@ D:\WWW\web\application\admin\controller\Index.php 6 - 9
}

[ info ] [ LOG ] INIT File

---------------------------------------------------------------
[ 2016-09-24T19:45:07+08:00 ] 127.0.0.1 127.0.0.1 GET /
[ log ] www.web.com/ [运行时间：0.029972s][吞吐率：33.36req/s] [内存消耗：1,274.14kb] [文件加载：40]
[ info ] [ ROUTE ] array (
  'type' => 'module',
  'module' => 
  array (
    0 => '',
    1 => NULL,
    2 => NULL,
  ),
)
[ info ] [ HEADER ] array (
  'host' => 'www.web.com',
  'connection' => 'keep-alive',
  'upgrade-insecure-requests' => '1',
  'user-agent' => 'Mozilla/5.0 (Windows NT 10.0; WOW64) AppleWebKit/537.36 (KHTML, like Gecko) Chrome/53.0.2785.116 Safari/537.36',
  'accept' => 'text/html,application/xhtml+xml,application/xml;q=0.9,image/webp,*/*;q=0.8',
  'accept-encoding' => 'gzip, deflate, sdch',
  'accept-language' => 'zh-CN,zh;q=0.8',
  'cookie' => 'pgv_pvi=7131442176; pgv_si=s8194427904; think_var=zh-cn; thinkphp_show_page_trace=0|2',
)
[ info ] [ PARAM ] array (
)
[ info ] [ RUN ] Method [ <user> public method index ] {
  @@ D:\WWW\web\application\home\controller\Index.php 6 - 9
}

[ info ] [ LOG ] INIT File

---------------------------------------------------------------
[ 2016-09-24T19:45:53+08:00 ] 127.0.0.1 127.0.0.1 GET /test
[ log ] www.web.com/test [运行时间：0.107204s][吞吐率：9.33req/s] [内存消耗：1,348.73kb] [文件加载：43]
[ info ] [ ROUTE ] array (
  'type' => 'module',
  'module' => 
  array (
    0 => 'test',
    1 => NULL,
    2 => NULL,
  ),
)
[ info ] [ HEADER ] array (
  'host' => 'www.web.com',
  'connection' => 'keep-alive',
  'upgrade-insecure-requests' => '1',
  'user-agent' => 'Mozilla/5.0 (Windows NT 10.0; WOW64) AppleWebKit/537.36 (KHTML, like Gecko) Chrome/53.0.2785.116 Safari/537.36',
  'accept' => 'text/html,application/xhtml+xml,application/xml;q=0.9,image/webp,*/*;q=0.8',
  'accept-encoding' => 'gzip, deflate, sdch',
  'accept-language' => 'zh-CN,zh;q=0.8',
  'cookie' => 'pgv_pvi=7131442176; pgv_si=s8194427904; think_var=zh-cn; thinkphp_show_page_trace=0|2',
)
[ info ] [ PARAM ] array (
)
[ info ] [ LANG ] D:\WWW\web\thinkphp\lang\zh-cn.php
[ info ] [ LOG ] INIT File

---------------------------------------------------------------
[ 2016-09-24T19:46:09+08:00 ] 127.0.0.1 127.0.0.1 GET /home/test
[ log ] www.web.com/home/test [运行时间：0.031787s][吞吐率：31.46req/s] [内存消耗：1,274.12kb] [文件加载：40]
[ info ] [ ROUTE ] array (
  'type' => 'module',
  'module' => 
  array (
    0 => 'home',
    1 => 'test',
    2 => NULL,
  ),
)
[ info ] [ HEADER ] array (
  'host' => 'www.web.com',
  'connection' => 'keep-alive',
  'upgrade-insecure-requests' => '1',
  'user-agent' => 'Mozilla/5.0 (Windows NT 10.0; WOW64) AppleWebKit/537.36 (KHTML, like Gecko) Chrome/53.0.2785.116 Safari/537.36',
  'accept' => 'text/html,application/xhtml+xml,application/xml;q=0.9,image/webp,*/*;q=0.8',
  'accept-encoding' => 'gzip, deflate, sdch',
  'accept-language' => 'zh-CN,zh;q=0.8',
  'cookie' => 'pgv_pvi=7131442176; pgv_si=s8194427904; think_var=zh-cn; thinkphp_show_page_trace=0|2',
)
[ info ] [ PARAM ] array (
)
[ info ] [ RUN ] Method [ <user> public method index ] {
  @@ D:\WWW\web\application\home\controller\Test.php 6 - 9
}

[ info ] [ LOG ] INIT File

---------------------------------------------------------------
[ 2016-09-24T19:47:41+08:00 ] 127.0.0.1 127.0.0.1 GET /home/test
[ log ] www.web.com/home/test [运行时间：0.036240s][吞吐率：27.59req/s] [内存消耗：1,274.35kb] [文件加载：40]
[ info ] [ ROUTE ] array (
  'type' => 'module',
  'module' => 
  array (
    0 => 'home',
    1 => 'test',
    2 => NULL,
  ),
)
[ info ] [ HEADER ] array (
  'host' => 'www.web.com',
  'connection' => 'keep-alive',
  'cache-control' => 'max-age=0',
  'upgrade-insecure-requests' => '1',
  'user-agent' => 'Mozilla/5.0 (Windows NT 10.0; WOW64) AppleWebKit/537.36 (KHTML, like Gecko) Chrome/53.0.2785.116 Safari/537.36',
  'accept' => 'text/html,application/xhtml+xml,application/xml;q=0.9,image/webp,*/*;q=0.8',
  'accept-encoding' => 'gzip, deflate, sdch',
  'accept-language' => 'zh-CN,zh;q=0.8',
  'cookie' => 'thinkphp_show_page_trace=0|2; pgv_pvi=7131442176; pgv_si=s8194427904; think_var=zh-cn; thinkphp_show_page_trace=0|2',
)
[ info ] [ PARAM ] array (
)
[ info ] [ RUN ] Method [ <user> public method index ] {
  @@ D:\WWW\web\application\home\controller\Test.php 6 - 9
}

[ info ] [ LOG ] INIT File

---------------------------------------------------------------
[ 2016-09-24T19:47:45+08:00 ] 127.0.0.1 127.0.0.1 GET /test
[ log ] www.web.com/test [运行时间：0.036352s][吞吐率：27.51req/s] [内存消耗：1,348.73kb] [文件加载：43]
[ info ] [ ROUTE ] array (
  'type' => 'module',
  'module' => 
  array (
    0 => 'test',
    1 => NULL,
    2 => NULL,
  ),
)
[ info ] [ HEADER ] array (
  'host' => 'www.web.com',
  'connection' => 'keep-alive',
  'upgrade-insecure-requests' => '1',
  'user-agent' => 'Mozilla/5.0 (Windows NT 10.0; WOW64) AppleWebKit/537.36 (KHTML, like Gecko) Chrome/53.0.2785.116 Safari/537.36',
  'accept' => 'text/html,application/xhtml+xml,application/xml;q=0.9,image/webp,*/*;q=0.8',
  'accept-encoding' => 'gzip, deflate, sdch',
  'accept-language' => 'zh-CN,zh;q=0.8',
  'cookie' => 'pgv_pvi=7131442176; pgv_si=s8194427904; think_var=zh-cn; thinkphp_show_page_trace=0|2',
)
[ info ] [ PARAM ] array (
)
[ info ] [ LANG ] D:\WWW\web\thinkphp\lang\zh-cn.php
[ info ] [ LOG ] INIT File

---------------------------------------------------------------
[ 2016-09-24T19:47:48+08:00 ] 127.0.0.1 127.0.0.1 GET /test
[ log ] www.web.com/test [运行时间：0.037865s][吞吐率：26.41req/s] [内存消耗：1,348.80kb] [文件加载：43]
[ info ] [ ROUTE ] array (
  'type' => 'module',
  'module' => 
  array (
    0 => 'test',
    1 => NULL,
    2 => NULL,
  ),
)
[ info ] [ HEADER ] array (
  'host' => 'www.web.com',
  'connection' => 'keep-alive',
  'cache-control' => 'max-age=0',
  'upgrade-insecure-requests' => '1',
  'user-agent' => 'Mozilla/5.0 (Windows NT 10.0; WOW64) AppleWebKit/537.36 (KHTML, like Gecko) Chrome/53.0.2785.116 Safari/537.36',
  'accept' => 'text/html,application/xhtml+xml,application/xml;q=0.9,image/webp,*/*;q=0.8',
  'accept-encoding' => 'gzip, deflate, sdch',
  'accept-language' => 'zh-CN,zh;q=0.8',
  'cookie' => 'pgv_pvi=7131442176; pgv_si=s8194427904; think_var=zh-cn; thinkphp_show_page_trace=0|2',
)
[ info ] [ PARAM ] array (
)
[ info ] [ LANG ] D:\WWW\web\thinkphp\lang\zh-cn.php
[ info ] [ LOG ] INIT File

---------------------------------------------------------------
[ 2016-09-24T20:57:20+08:00 ] 127.0.0.1 127.0.0.1 GET /admin/index/test
[ log ] www.web.com/admin/index/test [运行时间：0.231561s][吞吐率：4.32req/s] [内存消耗：1,274.70kb] [文件加载：40]
[ info ] [ ROUTE ] array (
  'type' => 'module',
  'module' => 
  array (
    0 => 'admin',
    1 => 'index',
    2 => 'test',
  ),
)
[ info ] [ HEADER ] array (
  'host' => 'www.web.com',
  'connection' => 'keep-alive',
  'upgrade-insecure-requests' => '1',
  'user-agent' => 'Mozilla/5.0 (Windows NT 10.0; WOW64) AppleWebKit/537.36 (KHTML, like Gecko) Chrome/53.0.2785.116 Safari/537.36',
  'accept' => 'text/html,application/xhtml+xml,application/xml;q=0.9,image/webp,*/*;q=0.8',
  'accept-encoding' => 'gzip, deflate, sdch',
  'accept-language' => 'zh-CN,zh;q=0.8',
  'cookie' => 'pgv_pvi=7131442176; pgv_si=s8194427904; thinkphp_show_page_trace=0|2',
)
[ info ] [ PARAM ] array (
)
[ info ] [ RUN ] Method [ <user> public method test ] {
  @@ D:\WWW\web\application\admin\controller\Index.php 11 - 15
}

[ info ] [ LOG ] INIT File

---------------------------------------------------------------
[ 2016-09-24T20:57:24+08:00 ] 127.0.0.1 127.0.0.1 GET /admin/index/test
[ log ] www.web.com/admin/index/test [运行时间：0.045563s][吞吐率：21.95req/s] [内存消耗：1,274.87kb] [文件加载：40]
[ info ] [ ROUTE ] array (
  'type' => 'module',
  'module' => 
  array (
    0 => 'admin',
    1 => 'index',
    2 => 'test',
  ),
)
[ info ] [ HEADER ] array (
  'host' => 'www.web.com',
  'connection' => 'keep-alive',
  'cache-control' => 'max-age=0',
  'upgrade-insecure-requests' => '1',
  'user-agent' => 'Mozilla/5.0 (Windows NT 10.0; WOW64) AppleWebKit/537.36 (KHTML, like Gecko) Chrome/53.0.2785.116 Safari/537.36',
  'accept' => 'text/html,application/xhtml+xml,application/xml;q=0.9,image/webp,*/*;q=0.8',
  'accept-encoding' => 'gzip, deflate, sdch',
  'accept-language' => 'zh-CN,zh;q=0.8',
  'cookie' => 'thinkphp_show_page_trace=0|2; pgv_pvi=7131442176; pgv_si=s8194427904; thinkphp_show_page_trace=0|2',
)
[ info ] [ PARAM ] array (
)
[ info ] [ RUN ] Method [ <user> public method test ] {
  @@ D:\WWW\web\application\admin\controller\Index.php 11 - 15
}

[ info ] [ LOG ] INIT File

---------------------------------------------------------------
[ 2016-09-24T20:57:33+08:00 ] 127.0.0.1 127.0.0.1 GET /admin/index/test
[ log ] www.web.com/admin/index/test [运行时间：0.034590s][吞吐率：28.91req/s] [内存消耗：1,274.91kb] [文件加载：40]
[ info ] [ ROUTE ] array (
  'type' => 'module',
  'module' => 
  array (
    0 => 'admin',
    1 => 'index',
    2 => 'test',
  ),
)
[ info ] [ HEADER ] array (
  'host' => 'www.web.com',
  'connection' => 'keep-alive',
  'cache-control' => 'max-age=0',
  'upgrade-insecure-requests' => '1',
  'user-agent' => 'Mozilla/5.0 (Windows NT 10.0; WOW64) AppleWebKit/537.36 (KHTML, like Gecko) Chrome/53.0.2785.116 Safari/537.36',
  'accept' => 'text/html,application/xhtml+xml,application/xml;q=0.9,image/webp,*/*;q=0.8',
  'accept-encoding' => 'gzip, deflate, sdch',
  'accept-language' => 'zh-CN,zh;q=0.8',
  'cookie' => 'thinkphp_show_page_trace=0|2; pgv_pvi=7131442176; pgv_si=s8194427904; thinkphp_show_page_trace=0|2',
)
[ info ] [ PARAM ] array (
)
[ info ] [ RUN ] Method [ <user> public method test ] {
  @@ D:\WWW\web\application\admin\controller\Index.php 11 - 16
}

[ info ] [ LOG ] INIT File

---------------------------------------------------------------
[ 2016-09-24T21:00:24+08:00 ] 127.0.0.1 127.0.0.1 GET /admin/index/test
[ log ] www.web.com/admin/index/test [运行时间：0.188427s][吞吐率：5.31req/s] [内存消耗：1,364.34kb] [文件加载：47]
[ info ] [ ROUTE ] array (
  'type' => 'module',
  'module' => 
  array (
    0 => 'admin',
    1 => 'index',
    2 => 'test',
  ),
)
[ info ] [ HEADER ] array (
  'host' => 'www.web.com',
  'connection' => 'keep-alive',
  'cache-control' => 'max-age=0',
  'upgrade-insecure-requests' => '1',
  'user-agent' => 'Mozilla/5.0 (Windows NT 10.0; WOW64) AppleWebKit/537.36 (KHTML, like Gecko) Chrome/53.0.2785.116 Safari/537.36',
  'accept' => 'text/html,application/xhtml+xml,application/xml;q=0.9,image/webp,*/*;q=0.8',
  'accept-encoding' => 'gzip, deflate, sdch',
  'accept-language' => 'zh-CN,zh;q=0.8',
  'cookie' => 'thinkphp_show_page_trace=0|2; pgv_pvi=7131442176; pgv_si=s8194427904; thinkphp_show_page_trace=0|2',
)
[ info ] [ PARAM ] array (
)
[ info ] [ RUN ] Method [ <user> public method test ] {
  @@ D:\WWW\web\application\admin\controller\Index.php 11 - 16
}

[ info ] [ LANG ] D:\WWW\web\thinkphp\lang\zh-cn.php
[ info ] [ LANG ] D:\WWW\web\thinkphp\lang\zh-cn.php
[ info ] [ LOG ] INIT File
[ error ] [1]Class 'app\admin\controller\Config' not found[D:\WWW\web\application\admin\controller\Index.php:15]

---------------------------------------------------------------
[ 2016-09-24T21:01:08+08:00 ] 127.0.0.1 127.0.0.1 GET /admin/index/test
[ log ] www.web.com/admin/index/test [运行时间：0.049296s][吞吐率：20.29req/s] [内存消耗：1,363.64kb] [文件加载：47]
[ info ] [ ROUTE ] array (
  'type' => 'module',
  'module' => 
  array (
    0 => 'admin',
    1 => 'index',
    2 => 'test',
  ),
)
[ info ] [ HEADER ] array (
  'host' => 'www.web.com',
  'connection' => 'keep-alive',
  'cache-control' => 'max-age=0',
  'upgrade-insecure-requests' => '1',
  'user-agent' => 'Mozilla/5.0 (Windows NT 10.0; WOW64) AppleWebKit/537.36 (KHTML, like Gecko) Chrome/53.0.2785.116 Safari/537.36',
  'accept' => 'text/html,application/xhtml+xml,application/xml;q=0.9,image/webp,*/*;q=0.8',
  'accept-encoding' => 'gzip, deflate, sdch',
  'accept-language' => 'zh-CN,zh;q=0.8',
  'cookie' => 'thinkphp_show_page_trace=0|2; pgv_pvi=7131442176; pgv_si=s8194427904; thinkphp_show_page_trace=0|2; think_var=zh-cn',
)
[ info ] [ PARAM ] array (
)
[ info ] [ RUN ] Method [ <user> public method test ] {
  @@ D:\WWW\web\application\admin\controller\Index.php 11 - 17
}

[ info ] [ LANG ] D:\WWW\web\thinkphp\lang\zh-cn.php
[ info ] [ LANG ] D:\WWW\web\thinkphp\lang\zh-cn.php
[ info ] [ LOG ] INIT File
[ error ] [1]Class 'app\admin\controller\Config' not found[D:\WWW\web\application\admin\controller\Index.php:16]

---------------------------------------------------------------
[ 2016-09-24T21:01:09+08:00 ] 127.0.0.1 127.0.0.1 GET /admin/index/test
[ log ] www.web.com/admin/index/test [运行时间：0.067393s][吞吐率：14.84req/s] [内存消耗：1,363.64kb] [文件加载：47]
[ info ] [ ROUTE ] array (
  'type' => 'module',
  'module' => 
  array (
    0 => 'admin',
    1 => 'index',
    2 => 'test',
  ),
)
[ info ] [ HEADER ] array (
  'host' => 'www.web.com',
  'connection' => 'keep-alive',
  'cache-control' => 'max-age=0',
  'upgrade-insecure-requests' => '1',
  'user-agent' => 'Mozilla/5.0 (Windows NT 10.0; WOW64) AppleWebKit/537.36 (KHTML, like Gecko) Chrome/53.0.2785.116 Safari/537.36',
  'accept' => 'text/html,application/xhtml+xml,application/xml;q=0.9,image/webp,*/*;q=0.8',
  'accept-encoding' => 'gzip, deflate, sdch',
  'accept-language' => 'zh-CN,zh;q=0.8',
  'cookie' => 'thinkphp_show_page_trace=0|2; pgv_pvi=7131442176; pgv_si=s8194427904; thinkphp_show_page_trace=0|2; think_var=zh-cn',
)
[ info ] [ PARAM ] array (
)
[ info ] [ RUN ] Method [ <user> public method test ] {
  @@ D:\WWW\web\application\admin\controller\Index.php 11 - 17
}

[ info ] [ LANG ] D:\WWW\web\thinkphp\lang\zh-cn.php
[ info ] [ LANG ] D:\WWW\web\thinkphp\lang\zh-cn.php
[ info ] [ LOG ] INIT File
[ error ] [1]Class 'app\admin\controller\Config' not found[D:\WWW\web\application\admin\controller\Index.php:16]

---------------------------------------------------------------
[ 2016-09-24T21:04:47+08:00 ] 127.0.0.1 127.0.0.1 GET /admin/index/test
[ log ] www.web.com/admin/index/test [运行时间：0.184291s][吞吐率：5.43req/s] [内存消耗：1,363.64kb] [文件加载：47]
[ info ] [ ROUTE ] array (
  'type' => 'module',
  'module' => 
  array (
    0 => 'admin',
    1 => 'index',
    2 => 'test',
  ),
)
[ info ] [ HEADER ] array (
  'host' => 'www.web.com',
  'connection' => 'keep-alive',
  'cache-control' => 'max-age=0',
  'upgrade-insecure-requests' => '1',
  'user-agent' => 'Mozilla/5.0 (Windows NT 10.0; WOW64) AppleWebKit/537.36 (KHTML, like Gecko) Chrome/53.0.2785.116 Safari/537.36',
  'accept' => 'text/html,application/xhtml+xml,application/xml;q=0.9,image/webp,*/*;q=0.8',
  'accept-encoding' => 'gzip, deflate, sdch',
  'accept-language' => 'zh-CN,zh;q=0.8',
  'cookie' => 'thinkphp_show_page_trace=0|2; pgv_pvi=7131442176; pgv_si=s8194427904; thinkphp_show_page_trace=0|2; think_var=zh-cn',
)
[ info ] [ PARAM ] array (
)
[ info ] [ RUN ] Method [ <user> public method test ] {
  @@ D:\WWW\web\application\admin\controller\Index.php 11 - 17
}

[ info ] [ LANG ] D:\WWW\web\thinkphp\lang\zh-cn.php
[ info ] [ LANG ] D:\WWW\web\thinkphp\lang\zh-cn.php
[ info ] [ LOG ] INIT File
[ error ] [1]Class 'app\admin\controller\config' not found[D:\WWW\web\application\admin\controller\Index.php:16]

---------------------------------------------------------------
[ 2016-09-24T21:04:47+08:00 ] 127.0.0.1 127.0.0.1 GET /admin/index/test
[ log ] www.web.com/admin/index/test [运行时间：0.050809s][吞吐率：19.68req/s] [内存消耗：1,363.64kb] [文件加载：47]
[ info ] [ ROUTE ] array (
  'type' => 'module',
  'module' => 
  array (
    0 => 'admin',
    1 => 'index',
    2 => 'test',
  ),
)
[ info ] [ HEADER ] array (
  'host' => 'www.web.com',
  'connection' => 'keep-alive',
  'cache-control' => 'max-age=0',
  'upgrade-insecure-requests' => '1',
  'user-agent' => 'Mozilla/5.0 (Windows NT 10.0; WOW64) AppleWebKit/537.36 (KHTML, like Gecko) Chrome/53.0.2785.116 Safari/537.36',
  'accept' => 'text/html,application/xhtml+xml,application/xml;q=0.9,image/webp,*/*;q=0.8',
  'accept-encoding' => 'gzip, deflate, sdch',
  'accept-language' => 'zh-CN,zh;q=0.8',
  'cookie' => 'thinkphp_show_page_trace=0|2; pgv_pvi=7131442176; pgv_si=s8194427904; thinkphp_show_page_trace=0|2; think_var=zh-cn',
)
[ info ] [ PARAM ] array (
)
[ info ] [ RUN ] Method [ <user> public method test ] {
  @@ D:\WWW\web\application\admin\controller\Index.php 11 - 17
}

[ info ] [ LANG ] D:\WWW\web\thinkphp\lang\zh-cn.php
[ info ] [ LANG ] D:\WWW\web\thinkphp\lang\zh-cn.php
[ info ] [ LOG ] INIT File
[ error ] [1]Class 'app\admin\controller\config' not found[D:\WWW\web\application\admin\controller\Index.php:16]

---------------------------------------------------------------
[ 2016-09-24T21:04:47+08:00 ] 127.0.0.1 127.0.0.1 GET /admin/index/test
[ log ] www.web.com/admin/index/test [运行时间：0.043899s][吞吐率：22.78req/s] [内存消耗：1,363.64kb] [文件加载：47]
[ info ] [ ROUTE ] array (
  'type' => 'module',
  'module' => 
  array (
    0 => 'admin',
    1 => 'index',
    2 => 'test',
  ),
)
[ info ] [ HEADER ] array (
  'host' => 'www.web.com',
  'connection' => 'keep-alive',
  'cache-control' => 'max-age=0',
  'upgrade-insecure-requests' => '1',
  'user-agent' => 'Mozilla/5.0 (Windows NT 10.0; WOW64) AppleWebKit/537.36 (KHTML, like Gecko) Chrome/53.0.2785.116 Safari/537.36',
  'accept' => 'text/html,application/xhtml+xml,application/xml;q=0.9,image/webp,*/*;q=0.8',
  'accept-encoding' => 'gzip, deflate, sdch',
  'accept-language' => 'zh-CN,zh;q=0.8',
  'cookie' => 'thinkphp_show_page_trace=0|2; pgv_pvi=7131442176; pgv_si=s8194427904; thinkphp_show_page_trace=0|2; think_var=zh-cn',
)
[ info ] [ PARAM ] array (
)
[ info ] [ RUN ] Method [ <user> public method test ] {
  @@ D:\WWW\web\application\admin\controller\Index.php 11 - 17
}

[ info ] [ LANG ] D:\WWW\web\thinkphp\lang\zh-cn.php
[ info ] [ LANG ] D:\WWW\web\thinkphp\lang\zh-cn.php
[ info ] [ LOG ] INIT File
[ error ] [1]Class 'app\admin\controller\config' not found[D:\WWW\web\application\admin\controller\Index.php:16]

---------------------------------------------------------------
